select pg_catalog.version()
[raw sql] {}
select current_schema()
[raw sql] {}
show standard_conforming_strings
[raw sql] {}
BEGIN (implicit)
CREATE SCHEMA IF NOT EXISTS trading;
[generated in 0.00023s] {}
CREATE SCHEMA IF NOT EXISTS market_data;
[generated in 0.00009s] {}
ROLLBACK
BEGIN (implicit)
SELECT pg_catalog.pg_class.relname 
FROM pg_catalog.pg_class JOIN pg_catalog.pg_namespace ON pg_catalog.pg_namespace.oid = pg_catalog.pg_class.relnamespace 
WHERE pg_catalog.pg_class.relname = %(table_name)s AND pg_catalog.pg_class.relkind = ANY (ARRAY[%(param_1)s, %(param_2)s, %(param_3)s, %(param_4)s, %(param_5)s]) AND pg_catalog.pg_namespace.nspname = %(nspname_1)s
[generated in 0.00008s] {'table_name': 'current_positions', 'param_1': 'r', 'param_2': 'p', 'param_3': 'f', 'param_4': 'v', 'param_5': 'm', 'nspname_1': 'trading'}
SELECT pg_catalog.pg_class.relname 
FROM pg_catalog.pg_class JOIN pg_catalog.pg_namespace ON pg_catalog.pg_namespace.oid = pg_catalog.pg_class.relnamespace 
WHERE pg_catalog.pg_class.relname = %(table_name)s AND pg_catalog.pg_class.relkind = ANY (ARRAY[%(param_1)s, %(param_2)s, %(param_3)s, %(param_4)s, %(param_5)s]) AND pg_catalog.pg_namespace.nspname = %(nspname_1)s
[cached since 0.002708s ago] {'table_name': 'target_positions', 'param_1': 'r', 'param_2': 'p', 'param_3': 'f', 'param_4': 'v', 'param_5': 'm', 'nspname_1': 'trading'}
SELECT pg_catalog.pg_class.relname 
FROM pg_catalog.pg_class JOIN pg_catalog.pg_namespace ON pg_catalog.pg_namespace.oid = pg_catalog.pg_class.relnamespace 
WHERE pg_catalog.pg_class.relname = %(table_name)s AND pg_catalog.pg_class.relkind = ANY (ARRAY[%(param_1)s, %(param_2)s, %(param_3)s, %(param_4)s, %(param_5)s]) AND pg_catalog.pg_namespace.nspname = %(nspname_1)s
[cached since 0.003203s ago] {'table_name': 'open_orders', 'param_1': 'r', 'param_2': 'p', 'param_3': 'f', 'param_4': 'v', 'param_5': 'm', 'nspname_1': 'trading'}
SELECT pg_catalog.pg_class.relname 
FROM pg_catalog.pg_class JOIN pg_catalog.pg_namespace ON pg_catalog.pg_namespace.oid = pg_catalog.pg_class.relnamespace 
WHERE pg_catalog.pg_class.relname = %(table_name)s AND pg_catalog.pg_class.relkind = ANY (ARRAY[%(param_1)s, %(param_2)s, %(param_3)s, %(param_4)s, %(param_5)s]) AND pg_catalog.pg_table_is_visible(pg_catalog.pg_class.oid) AND pg_catalog.pg_namespace.nspname != %(nspname_1)s
[generated in 0.00012s] {'table_name': 'transactions', 'param_1': 'r', 'param_2': 'p', 'param_3': 'f', 'param_4': 'v', 'param_5': 'm', 'nspname_1': 'pg_catalog'}
SELECT pg_catalog.pg_class.relname 
FROM pg_catalog.pg_class JOIN pg_catalog.pg_namespace ON pg_catalog.pg_namespace.oid = pg_catalog.pg_class.relnamespace 
WHERE pg_catalog.pg_class.relname = %(table_name)s AND pg_catalog.pg_class.relkind = ANY (ARRAY[%(param_1)s, %(param_2)s, %(param_3)s, %(param_4)s, %(param_5)s]) AND pg_catalog.pg_namespace.nspname = %(nspname_1)s
[cached since 0.005052s ago] {'table_name': 'historical_data', 'param_1': 'r', 'param_2': 'p', 'param_3': 'f', 'param_4': 'v', 'param_5': 'm', 'nspname_1': 'market_data'}

CREATE TABLE trading.current_positions (
	stock VARCHAR(50) NOT NULL, 
	avg_price_bought FLOAT NOT NULL, 
	quantity FLOAT NOT NULL, 
	stop_limit FLOAT NOT NULL, 
	stop_limit_in_place INTEGER NOT NULL, 
	strategy VARCHAR NOT NULL, 
	PRIMARY KEY (stock, strategy)
)


[no key 0.00003s] {}

CREATE TABLE trading.target_positions (
	stock VARCHAR(50) NOT NULL, 
	avg_price_bought FLOAT NOT NULL, 
	quantity FLOAT NOT NULL, 
	stop_limit FLOAT NOT NULL, 
	strategy VARCHAR NOT NULL, 
	PRIMARY KEY (stock, strategy)
)


[no key 0.00006s] {}

CREATE TABLE trading.open_orders (
	order_id INTEGER NOT NULL, 
	stock VARCHAR(50) NOT NULL, 
	time TIMESTAMP WITHOUT TIME ZONE NOT NULL, 
	price_transacted FLOAT NOT NULL, 
	fees FLOAT NOT NULL, 
	quantity FLOAT NOT NULL, 
	strategy VARCHAR(100) NOT NULL, 
	PRIMARY KEY (order_id, time, strategy)
)


[no key 0.00003s] {}

CREATE TABLE transactions (
	stock VARCHAR(50) NOT NULL, 
	time TIMESTAMP WITH TIME ZONE NOT NULL, 
	price_transacted FLOAT NOT NULL, 
	fees FLOAT NOT NULL, 
	quantity FLOAT NOT NULL, 
	strategy VARCHAR(100) NOT NULL, 
	PRIMARY KEY (stock, time, strategy)
)


[no key 0.00004s] {}
CREATE INDEX stock ON transactions (time)
[no key 0.00003s] {}
COMMIT
BEGIN (implicit)
SELECT pg_catalog.pg_class.relname 
FROM pg_catalog.pg_class JOIN pg_catalog.pg_namespace ON pg_catalog.pg_namespace.oid = pg_catalog.pg_class.relnamespace 
WHERE pg_catalog.pg_class.relkind = ANY (ARRAY[%(param_1)s, %(param_2)s]) AND pg_catalog.pg_class.relpersistence != %(relpersistence_1)s AND pg_catalog.pg_table_is_visible(pg_catalog.pg_class.oid) AND pg_catalog.pg_namespace.nspname != %(nspname_1)s
[generated in 0.00020s] {'param_1': 'r', 'param_2': 'p', 'relpersistence_1': 't', 'nspname_1': 'pg_catalog'}
ROLLBACK
BEGIN (implicit)
SELECT pg_catalog.pg_attribute.attname AS name, pg_catalog.format_type(pg_catalog.pg_attribute.atttypid, pg_catalog.pg_attribute.atttypmod) AS format_type, (SELECT pg_catalog.pg_get_expr(pg_catalog.pg_attrdef.adbin, pg_catalog.pg_attrdef.adrelid) AS pg_get_expr_1 
FROM pg_catalog.pg_attrdef 
WHERE pg_catalog.pg_attrdef.adrelid = pg_catalog.pg_attribute.attrelid AND pg_catalog.pg_attrdef.adnum = pg_catalog.pg_attribute.attnum AND pg_catalog.pg_attribute.atthasdef) AS "default", pg_catalog.pg_attribute.attnotnull AS not_null, pg_catalog.pg_class.relname AS table_name, pg_catalog.pg_description.description AS comment, pg_catalog.pg_attribute.attgenerated AS generated, (SELECT json_build_object(%(json_build_object_2)s, pg_catalog.pg_attribute.attidentity = %(attidentity_1)s, %(json_build_object_3)s, pg_catalog.pg_sequence.seqstart, %(json_build_object_4)s, pg_catalog.pg_sequence.seqincrement, %(json_build_object_5)s, pg_catalog.pg_sequence.seqmin, %(json_build_object_6)s, pg_catalog.pg_sequence.seqmax, %(json_build_object_7)s, pg_catalog.pg_sequence.seqcache, %(json_build_object_8)s, pg_catalog.pg_sequence.seqcycle) AS json_build_object_1 
FROM pg_catalog.pg_sequence 
WHERE pg_catalog.pg_attribute.attidentity != %(attidentity_2)s AND pg_catalog.pg_sequence.seqrelid = CAST(CAST(pg_catalog.pg_get_serial_sequence(CAST(CAST(pg_catalog.pg_attribute.attrelid AS REGCLASS) AS TEXT), pg_catalog.pg_attribute.attname) AS REGCLASS) AS OID)) AS identity_options 
FROM pg_catalog.pg_class LEFT OUTER JOIN pg_catalog.pg_attribute ON pg_catalog.pg_class.oid = pg_catalog.pg_attribute.attrelid AND pg_catalog.pg_attribute.attnum > %(attnum_1)s AND NOT pg_catalog.pg_attribute.attisdropped LEFT OUTER JOIN pg_catalog.pg_description ON pg_catalog.pg_description.objoid = pg_catalog.pg_attribute.attrelid AND pg_catalog.pg_description.objsubid = pg_catalog.pg_attribute.attnum JOIN pg_catalog.pg_namespace ON pg_catalog.pg_namespace.oid = pg_catalog.pg_class.relnamespace 
WHERE pg_catalog.pg_class.relkind = ANY (ARRAY[%(param_1)s, %(param_2)s, %(param_3)s, %(param_4)s, %(param_5)s]) AND pg_catalog.pg_table_is_visible(pg_catalog.pg_class.oid) AND pg_catalog.pg_namespace.nspname != %(nspname_1)s AND pg_catalog.pg_class.relname IN (%(filter_names_1)s) ORDER BY pg_catalog.pg_class.relname, pg_catalog.pg_attribute.attnum
[generated in 0.00033s] {'json_build_object_2': 'always', 'attidentity_1': 'a', 'json_build_object_3': 'start', 'json_build_object_4': 'increment', 'json_build_object_5': 'minvalue', 'json_build_object_6': 'maxvalue', 'json_build_object_7': 'cache', 'json_build_object_8': 'cycle', 'attidentity_2': '', 'attnum_1': 0, 'param_1': 'r', 'param_2': 'p', 'param_3': 'f', 'param_4': 'v', 'param_5': 'm', 'nspname_1': 'pg_catalog', 'filter_names_1': 'transactions'}
SELECT pg_catalog.pg_type.typname AS name, pg_catalog.format_type(pg_catalog.pg_type.typbasetype, pg_catalog.pg_type.typtypmod) AS attype, NOT pg_catalog.pg_type.typnotnull AS nullable, pg_catalog.pg_type.typdefault AS "default", pg_catalog.pg_type_is_visible(pg_catalog.pg_type.oid) AS visible, pg_catalog.pg_namespace.nspname AS schema, domain_constraints.condefs, domain_constraints.connames, pg_catalog.pg_collation.collname 
FROM pg_catalog.pg_type JOIN pg_catalog.pg_namespace ON pg_catalog.pg_namespace.oid = pg_catalog.pg_type.typnamespace LEFT OUTER JOIN pg_catalog.pg_collation ON pg_catalog.pg_type.typcollation = pg_catalog.pg_collation.oid LEFT OUTER JOIN (SELECT pg_catalog.pg_constraint.contypid AS contypid, array_agg(pg_catalog.pg_get_constraintdef(pg_catalog.pg_constraint.oid, %(pg_get_constraintdef_1)s)) AS condefs, array_agg(CAST(pg_catalog.pg_constraint.conname AS TEXT)) AS connames 
FROM pg_catalog.pg_constraint 
WHERE pg_catalog.pg_constraint.contypid != %(contypid_1)s GROUP BY pg_catalog.pg_constraint.contypid) AS domain_constraints ON pg_catalog.pg_type.oid = domain_constraints.contypid 
WHERE pg_catalog.pg_type.typtype = %(typtype_1)s ORDER BY pg_catalog.pg_namespace.nspname, pg_catalog.pg_type.typname
[generated in 0.00020s] {'pg_get_constraintdef_1': True, 'contypid_1': 0, 'typtype_1': 'd'}
SELECT pg_catalog.pg_type.typname AS name, pg_catalog.pg_type_is_visible(pg_catalog.pg_type.oid) AS visible, pg_catalog.pg_namespace.nspname AS schema, lbl_agg.labels AS labels 
FROM pg_catalog.pg_type JOIN pg_catalog.pg_namespace ON pg_catalog.pg_namespace.oid = pg_catalog.pg_type.typnamespace LEFT OUTER JOIN (SELECT pg_catalog.pg_enum.enumtypid AS enumtypid, array_agg(CAST(pg_catalog.pg_enum.enumlabel AS TEXT) ORDER BY pg_catalog.pg_enum.enumsortorder) AS labels 
FROM pg_catalog.pg_enum GROUP BY pg_catalog.pg_enum.enumtypid) AS lbl_agg ON pg_catalog.pg_type.oid = lbl_agg.enumtypid 
WHERE pg_catalog.pg_type.typtype = %(typtype_1)s ORDER BY pg_catalog.pg_namespace.nspname, pg_catalog.pg_type.typname
[generated in 0.00016s] {'typtype_1': 'e'}
ROLLBACK
