BEGIN (implicit)
PRAGMA main.table_info("current_positions")
[raw sql] ()
PRAGMA main.table_info("target_positions")
[raw sql] ()
PRAGMA main.table_info("open_orders")
[raw sql] ()
PRAGMA main.table_info("transactions")
[raw sql] ()
PRAGMA main.table_info("historical_data")
[raw sql] ()
COMMIT
BEGIN (implicit)
SELECT name FROM sqlite_master WHERE type='table' AND name NOT LIKE 'sqlite~_%' ESCAPE '~' ORDER BY name
[raw sql] ()
ROLLBACK
BEGIN (implicit)
PRAGMA main.table_xinfo("current_positions")
[raw sql] ()
ROLLBACK
BEGIN (implicit)
PRAGMA main.table_xinfo("target_positions")
[raw sql] ()
ROLLBACK
BEGIN (implicit)
PRAGMA main.table_xinfo("open_orders")
[raw sql] ()
ROLLBACK
BEGIN (implicit)
PRAGMA main.table_xinfo("transactions")
[raw sql] ()
ROLLBACK
BEGIN (implicit)
PRAGMA main.table_xinfo("historical_data")
[raw sql] ()
ROLLBACK
BEGIN (implicit)
PRAGMA main.table_info("current_positions")
[raw sql] ()
PRAGMA main.table_info("target_positions")
[raw sql] ()
PRAGMA main.table_info("open_orders")
[raw sql] ()
PRAGMA main.table_info("transactions")
[raw sql] ()
PRAGMA main.table_info("historical_data")
[raw sql] ()
COMMIT
BEGIN (implicit)
SELECT name FROM sqlite_master WHERE type='table' AND name NOT LIKE 'sqlite~_%' ESCAPE '~' ORDER BY name
[raw sql] ()
ROLLBACK
BEGIN (implicit)
PRAGMA main.table_xinfo("current_positions")
[raw sql] ()
ROLLBACK
BEGIN (implicit)
PRAGMA main.table_xinfo("target_positions")
[raw sql] ()
ROLLBACK
BEGIN (implicit)
PRAGMA main.table_xinfo("open_orders")
[raw sql] ()
ROLLBACK
BEGIN (implicit)
PRAGMA main.table_xinfo("transactions")
[raw sql] ()
ROLLBACK
BEGIN (implicit)
PRAGMA main.table_xinfo("historical_data")
[raw sql] ()
ROLLBACK
