BEGIN (implicit)
PRAGMA main.table_info("current_positions")
[raw sql] ()
PRAGMA main.table_info("target_positions")
[raw sql] ()
PRAGMA main.table_info("open_orders")
[raw sql] ()
PRAGMA main.table_info("transactions")
[raw sql] ()
PRAGMA main.table_info("historical_data")
[raw sql] ()
COMMIT
BEGIN (implicit)
SELECT name FROM sqlite_master WHERE type='table' AND name NOT LIKE 'sqlite~_%' ESCAPE '~' ORDER BY name
[raw sql] ()
ROLLBACK
BEGIN (implicit)
PRAGMA main.table_xinfo("current_positions")
[raw sql] ()
ROLLBACK
BEGIN (implicit)
PRAGMA main.table_xinfo("target_positions")
[raw sql] ()
ROLLBACK
BEGIN (implicit)
PRAGMA main.table_xinfo("open_orders")
[raw sql] ()
ROLLBACK
BEGIN (implicit)
PRAGMA main.table_xinfo("transactions")
[raw sql] ()
ROLLBACK
BEGIN (implicit)
PRAGMA main.table_xinfo("historical_data")
[raw sql] ()
ROLLBACK
BEGIN (implicit)
SELECT current_positions.stock AS current_positions_stock, current_positions.avg_price_bought AS current_positions_avg_price_bought, current_positions.current_price AS current_positions_current_price, current_positions.quantity AS current_positions_quantity, current_positions.stop_limit AS current_positions_stop_limit, current_positions.stop_limit_in_place AS current_positions_stop_limit_in_place, current_positions.strategy AS current_positions_strategy 
FROM current_positions
[generated in 0.00041s] ()
SELECT current_positions.stock AS current_positions_stock, current_positions.avg_price_bought AS current_positions_avg_price_bought, current_positions.current_price AS current_positions_current_price, current_positions.quantity AS current_positions_quantity, current_positions.stop_limit AS current_positions_stop_limit, current_positions.stop_limit_in_place AS current_positions_stop_limit_in_place, current_positions.strategy AS current_positions_strategy 
FROM current_positions 
WHERE current_positions.stock = ? AND current_positions.strategy = ?
 LIMIT ? OFFSET ?
[generated in 0.00023s] ('SPY', 'LinReg', 1, 0)
COMMIT
BEGIN (implicit)
SELECT current_positions.stock AS current_positions_stock, current_positions.avg_price_bought AS current_positions_avg_price_bought, current_positions.current_price AS current_positions_current_price, current_positions.quantity AS current_positions_quantity, current_positions.stop_limit AS current_positions_stop_limit, current_positions.stop_limit_in_place AS current_positions_stop_limit_in_place, current_positions.strategy AS current_positions_strategy 
FROM current_positions 
WHERE current_positions.stock = ? AND current_positions.strategy = ?
[generated in 0.00012s] ('SPY', 'LinReg')
BEGIN (implicit)
SELECT target_positions.stock AS target_positions_stock, target_positions.avg_price_bought AS target_positions_avg_price_bought, target_positions.current_price AS target_positions_current_price, target_positions.quantity AS target_positions_quantity, target_positions.stop_limit AS target_positions_stop_limit, target_positions.strategy AS target_positions_strategy 
FROM target_positions 
WHERE target_positions.stock = ? AND target_positions.strategy = ?
 LIMIT ? OFFSET ?
[generated in 0.00010s] ('SPY', 'LinReg', 1, 0)
UPDATE target_positions SET avg_price_bought=?, current_price=?, stop_limit=? WHERE target_positions.stock = ? AND target_positions.strategy = ?
[generated in 0.00011s] (nan, nan, nan, 'SPY', 'LinReg')
ROLLBACK
