2025-04-08 11:09:08,150 - models_types_generator - INFO - 
[32m------------------------------------------------------------------------------------------------------------------------------------------------------------------------------------------------------------------------------
Found class: Strategy
------------------------------------------------------------------------------------------------------------------------------------------------------------------------------------------------------------------------------[0m
2025-04-08 11:09:08,150 - models_types_generator - INFO - 
[32m------------------------------------------------------------------------------------------------------------------------------------------------------------------------------------------------------------------------------
  Processing field: strategy
------------------------------------------------------------------------------------------------------------------------------------------------------------------------------------------------------------------------------[0m
2025-04-08 11:09:08,150 - models_types_generator - INFO - 
[32m------------------------------------------------------------------------------------------------------------------------------------------------------------------------------------------------------------------------------
    Field type: str
------------------------------------------------------------------------------------------------------------------------------------------------------------------------------------------------------------------------------[0m
2025-04-08 11:09:08,150 - models_types_generator - INFO - 
[32m------------------------------------------------------------------------------------------------------------------------------------------------------------------------------------------------------------------------------
  Processing field: capital
------------------------------------------------------------------------------------------------------------------------------------------------------------------------------------------------------------------------------[0m
2025-04-08 11:09:08,150 - models_types_generator - INFO - 
[32m------------------------------------------------------------------------------------------------------------------------------------------------------------------------------------------------------------------------------
    Field type: float
------------------------------------------------------------------------------------------------------------------------------------------------------------------------------------------------------------------------------[0m
2025-04-08 11:09:08,150 - models_types_generator - INFO - 
[32m------------------------------------------------------------------------------------------------------------------------------------------------------------------------------------------------------------------------------
  Fields: {'strategy': 'str', 'capital': 'float'}
------------------------------------------------------------------------------------------------------------------------------------------------------------------------------------------------------------------------------[0m
2025-04-08 11:09:08,150 - models_types_generator - INFO - 
[32m------------------------------------------------------------------------------------------------------------------------------------------------------------------------------------------------------------------------------
Found class: CurrentPosition
------------------------------------------------------------------------------------------------------------------------------------------------------------------------------------------------------------------------------[0m
2025-04-08 11:09:08,150 - models_types_generator - INFO - 
[32m------------------------------------------------------------------------------------------------------------------------------------------------------------------------------------------------------------------------------
  Processing field: stock
------------------------------------------------------------------------------------------------------------------------------------------------------------------------------------------------------------------------------[0m
2025-04-08 11:09:08,151 - models_types_generator - INFO - 
[32m------------------------------------------------------------------------------------------------------------------------------------------------------------------------------------------------------------------------------
    Field type: str
------------------------------------------------------------------------------------------------------------------------------------------------------------------------------------------------------------------------------[0m
2025-04-08 11:09:08,151 - models_types_generator - INFO - 
[32m------------------------------------------------------------------------------------------------------------------------------------------------------------------------------------------------------------------------------
  Processing field: avg_price_bought
------------------------------------------------------------------------------------------------------------------------------------------------------------------------------------------------------------------------------[0m
2025-04-08 11:09:08,151 - models_types_generator - INFO - 
[32m------------------------------------------------------------------------------------------------------------------------------------------------------------------------------------------------------------------------------
    Field type: float
------------------------------------------------------------------------------------------------------------------------------------------------------------------------------------------------------------------------------[0m
2025-04-08 11:09:08,151 - models_types_generator - INFO - 
[32m------------------------------------------------------------------------------------------------------------------------------------------------------------------------------------------------------------------------------
  Processing field: quantity
------------------------------------------------------------------------------------------------------------------------------------------------------------------------------------------------------------------------------[0m
2025-04-08 11:09:08,151 - models_types_generator - INFO - 
[32m------------------------------------------------------------------------------------------------------------------------------------------------------------------------------------------------------------------------------
    Field type: float
------------------------------------------------------------------------------------------------------------------------------------------------------------------------------------------------------------------------------[0m
2025-04-08 11:09:08,151 - models_types_generator - INFO - 
[32m------------------------------------------------------------------------------------------------------------------------------------------------------------------------------------------------------------------------------
  Processing field: stop_limit
------------------------------------------------------------------------------------------------------------------------------------------------------------------------------------------------------------------------------[0m
2025-04-08 11:09:08,151 - models_types_generator - INFO - 
[32m------------------------------------------------------------------------------------------------------------------------------------------------------------------------------------------------------------------------------
    Field type: float
------------------------------------------------------------------------------------------------------------------------------------------------------------------------------------------------------------------------------[0m
2025-04-08 11:09:08,151 - models_types_generator - INFO - 
[32m------------------------------------------------------------------------------------------------------------------------------------------------------------------------------------------------------------------------------
  Processing field: stop_limit_in_place
------------------------------------------------------------------------------------------------------------------------------------------------------------------------------------------------------------------------------[0m
2025-04-08 11:09:08,151 - models_types_generator - INFO - 
[32m------------------------------------------------------------------------------------------------------------------------------------------------------------------------------------------------------------------------------
    Field type: int
------------------------------------------------------------------------------------------------------------------------------------------------------------------------------------------------------------------------------[0m
2025-04-08 11:09:08,151 - models_types_generator - INFO - 
[32m------------------------------------------------------------------------------------------------------------------------------------------------------------------------------------------------------------------------------
  Processing field: strategy
------------------------------------------------------------------------------------------------------------------------------------------------------------------------------------------------------------------------------[0m
2025-04-08 11:09:08,151 - models_types_generator - INFO - 
[32m------------------------------------------------------------------------------------------------------------------------------------------------------------------------------------------------------------------------------
    Field type: str
------------------------------------------------------------------------------------------------------------------------------------------------------------------------------------------------------------------------------[0m
2025-04-08 11:09:08,151 - models_types_generator - INFO - 
[32m------------------------------------------------------------------------------------------------------------------------------------------------------------------------------------------------------------------------------
  Fields: {'stock': 'str', 'avg_price_bought': 'float', 'quantity': 'float', 'stop_limit': 'float', 'stop_limit_in_place': 'int', 'strategy': 'str'}
------------------------------------------------------------------------------------------------------------------------------------------------------------------------------------------------------------------------------[0m
2025-04-08 11:09:08,151 - models_types_generator - INFO - 
[32m------------------------------------------------------------------------------------------------------------------------------------------------------------------------------------------------------------------------------
Found class: TargetPosition
------------------------------------------------------------------------------------------------------------------------------------------------------------------------------------------------------------------------------[0m
2025-04-08 11:09:08,152 - models_types_generator - INFO - 
[32m------------------------------------------------------------------------------------------------------------------------------------------------------------------------------------------------------------------------------
  Processing field: stock
------------------------------------------------------------------------------------------------------------------------------------------------------------------------------------------------------------------------------[0m
2025-04-08 11:09:08,152 - models_types_generator - INFO - 
[32m------------------------------------------------------------------------------------------------------------------------------------------------------------------------------------------------------------------------------
    Field type: str
------------------------------------------------------------------------------------------------------------------------------------------------------------------------------------------------------------------------------[0m
2025-04-08 11:09:08,152 - models_types_generator - INFO - 
[32m------------------------------------------------------------------------------------------------------------------------------------------------------------------------------------------------------------------------------
  Processing field: avg_price_bought
------------------------------------------------------------------------------------------------------------------------------------------------------------------------------------------------------------------------------[0m
2025-04-08 11:09:08,152 - models_types_generator - INFO - 
[32m------------------------------------------------------------------------------------------------------------------------------------------------------------------------------------------------------------------------------
    Field type: float
------------------------------------------------------------------------------------------------------------------------------------------------------------------------------------------------------------------------------[0m
2025-04-08 11:09:08,152 - models_types_generator - INFO - 
[32m------------------------------------------------------------------------------------------------------------------------------------------------------------------------------------------------------------------------------
  Processing field: quantity
------------------------------------------------------------------------------------------------------------------------------------------------------------------------------------------------------------------------------[0m
2025-04-08 11:09:08,152 - models_types_generator - INFO - 
[32m------------------------------------------------------------------------------------------------------------------------------------------------------------------------------------------------------------------------------
    Field type: float
------------------------------------------------------------------------------------------------------------------------------------------------------------------------------------------------------------------------------[0m
2025-04-08 11:09:08,152 - models_types_generator - INFO - 
[32m------------------------------------------------------------------------------------------------------------------------------------------------------------------------------------------------------------------------------
  Processing field: stop_limit
------------------------------------------------------------------------------------------------------------------------------------------------------------------------------------------------------------------------------[0m
2025-04-08 11:09:08,152 - models_types_generator - INFO - 
[32m------------------------------------------------------------------------------------------------------------------------------------------------------------------------------------------------------------------------------
    Field type: float
------------------------------------------------------------------------------------------------------------------------------------------------------------------------------------------------------------------------------[0m
2025-04-08 11:09:08,152 - models_types_generator - INFO - 
[32m------------------------------------------------------------------------------------------------------------------------------------------------------------------------------------------------------------------------------
  Processing field: strategy
------------------------------------------------------------------------------------------------------------------------------------------------------------------------------------------------------------------------------[0m
2025-04-08 11:09:08,152 - models_types_generator - INFO - 
[32m------------------------------------------------------------------------------------------------------------------------------------------------------------------------------------------------------------------------------
    Field type: str
------------------------------------------------------------------------------------------------------------------------------------------------------------------------------------------------------------------------------[0m
2025-04-08 11:09:08,153 - models_types_generator - INFO - 
[32m------------------------------------------------------------------------------------------------------------------------------------------------------------------------------------------------------------------------------
  Fields: {'stock': 'str', 'avg_price_bought': 'float', 'quantity': 'float', 'stop_limit': 'float', 'strategy': 'str'}
------------------------------------------------------------------------------------------------------------------------------------------------------------------------------------------------------------------------------[0m
2025-04-08 11:09:08,153 - models_types_generator - INFO - 
[32m------------------------------------------------------------------------------------------------------------------------------------------------------------------------------------------------------------------------------
Found class: OpenOrders
------------------------------------------------------------------------------------------------------------------------------------------------------------------------------------------------------------------------------[0m
2025-04-08 11:09:08,153 - models_types_generator - INFO - 
[32m------------------------------------------------------------------------------------------------------------------------------------------------------------------------------------------------------------------------------
  Processing field: order_id
------------------------------------------------------------------------------------------------------------------------------------------------------------------------------------------------------------------------------[0m
2025-04-08 11:09:08,153 - models_types_generator - INFO - 
[32m------------------------------------------------------------------------------------------------------------------------------------------------------------------------------------------------------------------------------
    Field type: int
------------------------------------------------------------------------------------------------------------------------------------------------------------------------------------------------------------------------------[0m
2025-04-08 11:09:08,153 - models_types_generator - INFO - 
[32m------------------------------------------------------------------------------------------------------------------------------------------------------------------------------------------------------------------------------
  Processing field: stock
------------------------------------------------------------------------------------------------------------------------------------------------------------------------------------------------------------------------------[0m
2025-04-08 11:09:08,153 - models_types_generator - INFO - 
[32m------------------------------------------------------------------------------------------------------------------------------------------------------------------------------------------------------------------------------
    Field type: str
------------------------------------------------------------------------------------------------------------------------------------------------------------------------------------------------------------------------------[0m
2025-04-08 11:09:08,153 - models_types_generator - INFO - 
[32m------------------------------------------------------------------------------------------------------------------------------------------------------------------------------------------------------------------------------
  Processing field: time
------------------------------------------------------------------------------------------------------------------------------------------------------------------------------------------------------------------------------[0m
2025-04-08 11:09:08,153 - models_types_generator - INFO - 
[32m------------------------------------------------------------------------------------------------------------------------------------------------------------------------------------------------------------------------------
    Field type: datetime.datetime
------------------------------------------------------------------------------------------------------------------------------------------------------------------------------------------------------------------------------[0m
2025-04-08 11:09:08,153 - models_types_generator - INFO - 
[32m------------------------------------------------------------------------------------------------------------------------------------------------------------------------------------------------------------------------------
  Processing field: price_transacted
------------------------------------------------------------------------------------------------------------------------------------------------------------------------------------------------------------------------------[0m
2025-04-08 11:09:08,153 - models_types_generator - INFO - 
[32m------------------------------------------------------------------------------------------------------------------------------------------------------------------------------------------------------------------------------
    Field type: float
------------------------------------------------------------------------------------------------------------------------------------------------------------------------------------------------------------------------------[0m
2025-04-08 11:09:08,153 - models_types_generator - INFO - 
[32m------------------------------------------------------------------------------------------------------------------------------------------------------------------------------------------------------------------------------
  Processing field: fees
------------------------------------------------------------------------------------------------------------------------------------------------------------------------------------------------------------------------------[0m
2025-04-08 11:09:08,153 - models_types_generator - INFO - 
[32m------------------------------------------------------------------------------------------------------------------------------------------------------------------------------------------------------------------------------
    Field type: float
------------------------------------------------------------------------------------------------------------------------------------------------------------------------------------------------------------------------------[0m
2025-04-08 11:09:08,153 - models_types_generator - INFO - 
[32m------------------------------------------------------------------------------------------------------------------------------------------------------------------------------------------------------------------------------
  Processing field: quantity
------------------------------------------------------------------------------------------------------------------------------------------------------------------------------------------------------------------------------[0m
2025-04-08 11:09:08,154 - models_types_generator - INFO - 
[32m------------------------------------------------------------------------------------------------------------------------------------------------------------------------------------------------------------------------------
    Field type: float
------------------------------------------------------------------------------------------------------------------------------------------------------------------------------------------------------------------------------[0m
2025-04-08 11:09:08,154 - models_types_generator - INFO - 
[32m------------------------------------------------------------------------------------------------------------------------------------------------------------------------------------------------------------------------------
  Processing field: strategy
------------------------------------------------------------------------------------------------------------------------------------------------------------------------------------------------------------------------------[0m
2025-04-08 11:09:08,154 - models_types_generator - INFO - 
[32m------------------------------------------------------------------------------------------------------------------------------------------------------------------------------------------------------------------------------
    Field type: str
------------------------------------------------------------------------------------------------------------------------------------------------------------------------------------------------------------------------------[0m
2025-04-08 11:09:08,154 - models_types_generator - INFO - 
[32m------------------------------------------------------------------------------------------------------------------------------------------------------------------------------------------------------------------------------
  Fields: {'order_id': 'int', 'stock': 'str', 'time': 'datetime.datetime', 'price_transacted': 'float', 'fees': 'float', 'quantity': 'float', 'strategy': 'str'}
------------------------------------------------------------------------------------------------------------------------------------------------------------------------------------------------------------------------------[0m
2025-04-08 11:09:08,154 - models_types_generator - INFO - 
[32m------------------------------------------------------------------------------------------------------------------------------------------------------------------------------------------------------------------------------
Found class: Transaction
------------------------------------------------------------------------------------------------------------------------------------------------------------------------------------------------------------------------------[0m
2025-04-08 11:09:08,154 - models_types_generator - INFO - 
[32m------------------------------------------------------------------------------------------------------------------------------------------------------------------------------------------------------------------------------
  Processing field: stock
------------------------------------------------------------------------------------------------------------------------------------------------------------------------------------------------------------------------------[0m
2025-04-08 11:09:08,154 - models_types_generator - INFO - 
[32m------------------------------------------------------------------------------------------------------------------------------------------------------------------------------------------------------------------------------
    Field type: str
------------------------------------------------------------------------------------------------------------------------------------------------------------------------------------------------------------------------------[0m
2025-04-08 11:09:08,154 - models_types_generator - INFO - 
[32m------------------------------------------------------------------------------------------------------------------------------------------------------------------------------------------------------------------------------
  Processing field: time
------------------------------------------------------------------------------------------------------------------------------------------------------------------------------------------------------------------------------[0m
2025-04-08 11:09:08,154 - models_types_generator - INFO - 
[32m------------------------------------------------------------------------------------------------------------------------------------------------------------------------------------------------------------------------------
    Field type: datetime.datetime
------------------------------------------------------------------------------------------------------------------------------------------------------------------------------------------------------------------------------[0m
2025-04-08 11:09:08,154 - models_types_generator - INFO - 
[32m------------------------------------------------------------------------------------------------------------------------------------------------------------------------------------------------------------------------------
  Processing field: price_transacted
------------------------------------------------------------------------------------------------------------------------------------------------------------------------------------------------------------------------------[0m
2025-04-08 11:09:08,154 - models_types_generator - INFO - 
[32m------------------------------------------------------------------------------------------------------------------------------------------------------------------------------------------------------------------------------
    Field type: float
------------------------------------------------------------------------------------------------------------------------------------------------------------------------------------------------------------------------------[0m
2025-04-08 11:09:08,154 - models_types_generator - INFO - 
[32m------------------------------------------------------------------------------------------------------------------------------------------------------------------------------------------------------------------------------
  Processing field: fees
------------------------------------------------------------------------------------------------------------------------------------------------------------------------------------------------------------------------------[0m
2025-04-08 11:09:08,154 - models_types_generator - INFO - 
[32m------------------------------------------------------------------------------------------------------------------------------------------------------------------------------------------------------------------------------
    Field type: float
------------------------------------------------------------------------------------------------------------------------------------------------------------------------------------------------------------------------------[0m
2025-04-08 11:09:08,155 - models_types_generator - INFO - 
[32m------------------------------------------------------------------------------------------------------------------------------------------------------------------------------------------------------------------------------
  Processing field: quantity
------------------------------------------------------------------------------------------------------------------------------------------------------------------------------------------------------------------------------[0m
2025-04-08 11:09:08,155 - models_types_generator - INFO - 
[32m------------------------------------------------------------------------------------------------------------------------------------------------------------------------------------------------------------------------------
    Field type: float
------------------------------------------------------------------------------------------------------------------------------------------------------------------------------------------------------------------------------[0m
2025-04-08 11:09:08,155 - models_types_generator - INFO - 
[32m------------------------------------------------------------------------------------------------------------------------------------------------------------------------------------------------------------------------------
  Processing field: strategy
------------------------------------------------------------------------------------------------------------------------------------------------------------------------------------------------------------------------------[0m
2025-04-08 11:09:08,155 - models_types_generator - INFO - 
[32m------------------------------------------------------------------------------------------------------------------------------------------------------------------------------------------------------------------------------
    Field type: str
------------------------------------------------------------------------------------------------------------------------------------------------------------------------------------------------------------------------------[0m
2025-04-08 11:09:08,155 - models_types_generator - INFO - 
[32m------------------------------------------------------------------------------------------------------------------------------------------------------------------------------------------------------------------------------
  Fields: {'stock': 'str', 'time': 'datetime.datetime', 'price_transacted': 'float', 'fees': 'float', 'quantity': 'float', 'strategy': 'str'}
------------------------------------------------------------------------------------------------------------------------------------------------------------------------------------------------------------------------------[0m
2025-04-08 11:09:08,155 - models_types_generator - INFO - 
[32m------------------------------------------------------------------------------------------------------------------------------------------------------------------------------------------------------------------------------
Found class: HistoricalData
------------------------------------------------------------------------------------------------------------------------------------------------------------------------------------------------------------------------------[0m
2025-04-08 11:09:08,155 - models_types_generator - INFO - 
[32m------------------------------------------------------------------------------------------------------------------------------------------------------------------------------------------------------------------------------
  Processing field: stock
------------------------------------------------------------------------------------------------------------------------------------------------------------------------------------------------------------------------------[0m
2025-04-08 11:09:08,155 - models_types_generator - INFO - 
[32m------------------------------------------------------------------------------------------------------------------------------------------------------------------------------------------------------------------------------
    Field type: str
------------------------------------------------------------------------------------------------------------------------------------------------------------------------------------------------------------------------------[0m
2025-04-08 11:09:08,155 - models_types_generator - INFO - 
[32m------------------------------------------------------------------------------------------------------------------------------------------------------------------------------------------------------------------------------
  Processing field: time
------------------------------------------------------------------------------------------------------------------------------------------------------------------------------------------------------------------------------[0m
2025-04-08 11:09:08,155 - models_types_generator - INFO - 
[32m------------------------------------------------------------------------------------------------------------------------------------------------------------------------------------------------------------------------------
    Field type: datetime.datetime
------------------------------------------------------------------------------------------------------------------------------------------------------------------------------------------------------------------------------[0m
2025-04-08 11:09:08,155 - models_types_generator - INFO - 
[32m------------------------------------------------------------------------------------------------------------------------------------------------------------------------------------------------------------------------------
  Processing field: open
------------------------------------------------------------------------------------------------------------------------------------------------------------------------------------------------------------------------------[0m
2025-04-08 11:09:08,155 - models_types_generator - INFO - 
[32m------------------------------------------------------------------------------------------------------------------------------------------------------------------------------------------------------------------------------
    Field type: float
------------------------------------------------------------------------------------------------------------------------------------------------------------------------------------------------------------------------------[0m
2025-04-08 11:09:08,155 - models_types_generator - INFO - 
[32m------------------------------------------------------------------------------------------------------------------------------------------------------------------------------------------------------------------------------
  Processing field: high
------------------------------------------------------------------------------------------------------------------------------------------------------------------------------------------------------------------------------[0m
2025-04-08 11:09:08,155 - models_types_generator - INFO - 
[32m------------------------------------------------------------------------------------------------------------------------------------------------------------------------------------------------------------------------------
    Field type: float
------------------------------------------------------------------------------------------------------------------------------------------------------------------------------------------------------------------------------[0m
2025-04-08 11:09:08,156 - models_types_generator - INFO - 
[32m------------------------------------------------------------------------------------------------------------------------------------------------------------------------------------------------------------------------------
  Processing field: low
------------------------------------------------------------------------------------------------------------------------------------------------------------------------------------------------------------------------------[0m
2025-04-08 11:09:08,156 - models_types_generator - INFO - 
[32m------------------------------------------------------------------------------------------------------------------------------------------------------------------------------------------------------------------------------
    Field type: float
------------------------------------------------------------------------------------------------------------------------------------------------------------------------------------------------------------------------------[0m
2025-04-08 11:09:08,156 - models_types_generator - INFO - 
[32m------------------------------------------------------------------------------------------------------------------------------------------------------------------------------------------------------------------------------
  Processing field: close
------------------------------------------------------------------------------------------------------------------------------------------------------------------------------------------------------------------------------[0m
2025-04-08 11:09:08,156 - models_types_generator - INFO - 
[32m------------------------------------------------------------------------------------------------------------------------------------------------------------------------------------------------------------------------------
    Field type: float
------------------------------------------------------------------------------------------------------------------------------------------------------------------------------------------------------------------------------[0m
2025-04-08 11:09:08,156 - models_types_generator - INFO - 
[32m------------------------------------------------------------------------------------------------------------------------------------------------------------------------------------------------------------------------------
  Processing field: volume
------------------------------------------------------------------------------------------------------------------------------------------------------------------------------------------------------------------------------[0m
2025-04-08 11:09:08,156 - models_types_generator - INFO - 
[32m------------------------------------------------------------------------------------------------------------------------------------------------------------------------------------------------------------------------------
    Field type: int
------------------------------------------------------------------------------------------------------------------------------------------------------------------------------------------------------------------------------[0m
2025-04-08 11:09:08,156 - models_types_generator - INFO - 
[32m------------------------------------------------------------------------------------------------------------------------------------------------------------------------------------------------------------------------------
  Fields: {'stock': 'str', 'time': 'datetime.datetime', 'open': 'float', 'high': 'float', 'low': 'float', 'close': 'float', 'volume': 'int'}
------------------------------------------------------------------------------------------------------------------------------------------------------------------------------------------------------------------------------[0m
2025-04-08 11:09:08,286 - init_db() - INFO - 
[32m------------------------------------------------------------------------------------------------------------------------------------------------------------------------------------------------------------------------------
Database initialization complete.
------------------------------------------------------------------------------------------------------------------------------------------------------------------------------------------------------------------------------[0m
2025-04-08 11:09:08,289 - IBC - INFO - 
[32m------------------------------------------------------------------------------------------------------------------------------------------------------------------------------------------------------------------------------
IBC LOGS START
------------------------------------------------------------------------------------------------------------------------------------------------------------------------------------------------------------------------------[0m
2025-04-08 11:09:17,976 - send_command_to_ibc() - INFO - 
[32m------------------------------------------------------------------------------------------------------------------------------------------------------------------------------------------------------------------------------
Response: 
------------------------------------------------------------------------------------------------------------------------------------------------------------------------------------------------------------------------------[0m
