2025-06-18 13:34:08,140 - DuplicateEntryError - ERROR - 
[31m--------------------------------------------------------------------------------
An entry with primary keys {'id': 1} already exists. (Primary Keys: {'id': 1})
--------------------------------------------------------------------------------[0m
2025-06-18 13:34:08,154 - DuplicateEntryError - ERROR - 
[31m--------------------------------------------------------------------------------
An entry with primary keys {'id': 1} already exists. (Primary Keys: {'id': 1})
--------------------------------------------------------------------------------[0m
2025-06-18 13:39:51,179 - DuplicateEntryError - ERROR - 
[31m--------------------------------------------------------------------------------
An entry with primary keys {'id': 1} already exists. (Primary Keys: {'id': 1})
--------------------------------------------------------------------------------[0m
2025-06-18 13:39:51,191 - DuplicateEntryError - ERROR - 
[31m--------------------------------------------------------------------------------
An entry with primary keys {'id': 1} already exists. (Primary Keys: {'id': 1})
--------------------------------------------------------------------------------[0m
2025-06-18 13:47:25,598 - DuplicateEntryError - ERROR - 
[31m--------------------------------------------------------------------------------
An entry with primary keys {'id': 1} already exists. (Primary Keys: {'id': 1})
--------------------------------------------------------------------------------[0m
2025-06-18 13:47:25,611 - DuplicateEntryError - ERROR - 
[31m--------------------------------------------------------------------------------
An entry with primary keys {'id': 1} already exists. (Primary Keys: {'id': 1})
--------------------------------------------------------------------------------[0m
2025-06-18 13:52:41,359 - DuplicateEntryError - ERROR - 
[31m--------------------------------------------------------------------------------
An entry with primary keys {'id': 1} already exists. (Primary Keys: {'id': 1})
--------------------------------------------------------------------------------[0m
2025-06-18 13:52:41,372 - DuplicateEntryError - ERROR - 
[31m--------------------------------------------------------------------------------
An entry with primary keys {'id': 1} already exists. (Primary Keys: {'id': 1})
--------------------------------------------------------------------------------[0m
2025-06-18 13:54:41,216 - DuplicateEntryError - ERROR - 
[31m--------------------------------------------------------------------------------
An entry with primary keys {'id': 1} already exists. (Primary Keys: {'id': 1})
--------------------------------------------------------------------------------[0m
2025-06-18 13:54:41,248 - DuplicateEntryError - ERROR - 
[31m--------------------------------------------------------------------------------
An entry with primary keys {'id': 1} already exists. (Primary Keys: {'id': 1})
--------------------------------------------------------------------------------[0m
2025-06-18 13:58:20,158 - DuplicateEntryError - ERROR - 
[31m--------------------------------------------------------------------------------
An entry with primary keys {'id': 1} already exists. (Primary Keys: {'id': 1})
--------------------------------------------------------------------------------[0m
2025-06-18 13:58:20,190 - DuplicateEntryError - ERROR - 
[31m--------------------------------------------------------------------------------
An entry with primary keys {'id': 1} already exists. (Primary Keys: {'id': 1})
--------------------------------------------------------------------------------[0m
2025-06-18 13:59:14,191 - DuplicateEntryError - ERROR - 
[31m--------------------------------------------------------------------------------
An entry with primary keys {'id': 1} already exists. (Primary Keys: {'id': 1})
--------------------------------------------------------------------------------[0m
2025-06-18 13:59:14,223 - DuplicateEntryError - ERROR - 
[31m--------------------------------------------------------------------------------
An entry with primary keys {'id': 1} already exists. (Primary Keys: {'id': 1})
--------------------------------------------------------------------------------[0m
2025-06-18 14:01:47,599 - DuplicateEntryError - ERROR - 
[31m--------------------------------------------------------------------------------
An entry with primary keys {'id': 1} already exists. (Primary Keys: {'id': 1})
--------------------------------------------------------------------------------[0m
2025-06-18 14:01:47,631 - DuplicateEntryError - ERROR - 
[31m--------------------------------------------------------------------------------
An entry with primary keys {'id': 1} already exists. (Primary Keys: {'id': 1})
--------------------------------------------------------------------------------[0m
2025-06-18 14:01:59,327 - DuplicateEntryError - ERROR - 
[31m--------------------------------------------------------------------------------
An entry with primary keys {'id': 1} already exists. (Primary Keys: {'id': 1})
--------------------------------------------------------------------------------[0m
2025-06-18 14:01:59,361 - DuplicateEntryError - ERROR - 
[31m--------------------------------------------------------------------------------
An entry with primary keys {'id': 1} already exists. (Primary Keys: {'id': 1})
--------------------------------------------------------------------------------[0m
2025-06-18 14:02:31,514 - DuplicateEntryError - ERROR - 
[31m--------------------------------------------------------------------------------
An entry with primary keys {'id': 1} already exists. (Primary Keys: {'id': 1})
--------------------------------------------------------------------------------[0m
2025-06-18 14:02:31,545 - DuplicateEntryError - ERROR - 
[31m--------------------------------------------------------------------------------
An entry with primary keys {'id': 1} already exists. (Primary Keys: {'id': 1})
--------------------------------------------------------------------------------[0m
2025-06-18 14:02:48,570 - DuplicateEntryError - ERROR - 
[31m--------------------------------------------------------------------------------
An entry with primary keys {'id': 1} already exists. (Primary Keys: {'id': 1})
--------------------------------------------------------------------------------[0m
2025-06-18 14:02:48,602 - DuplicateEntryError - ERROR - 
[31m--------------------------------------------------------------------------------
An entry with primary keys {'id': 1} already exists. (Primary Keys: {'id': 1})
--------------------------------------------------------------------------------[0m
2025-06-18 14:11:33,842 - DuplicateEntryError - ERROR - 
[31m--------------------------------------------------------------------------------
An entry with primary keys {'id': 1} already exists. (Primary Keys: {'id': 1})
--------------------------------------------------------------------------------[0m
2025-06-18 14:11:33,874 - DuplicateEntryError - ERROR - 
[31m--------------------------------------------------------------------------------
An entry with primary keys {'id': 1} already exists. (Primary Keys: {'id': 1})
--------------------------------------------------------------------------------[0m
2025-06-18 14:22:29,143 - DuplicateEntryError - ERROR - 
[31m--------------------------------------------------------------------------------
An entry with primary keys {'id': 1} already exists. (Primary Keys: {'id': 1})
--------------------------------------------------------------------------------[0m
2025-06-18 14:22:29,175 - DuplicateEntryError - ERROR - 
[31m--------------------------------------------------------------------------------
An entry with primary keys {'id': 1} already exists. (Primary Keys: {'id': 1})
--------------------------------------------------------------------------------[0m
2025-06-18 14:24:07,557 - DuplicateEntryError - ERROR - 
[31m--------------------------------------------------------------------------------
An entry with primary keys {'id': 1} already exists. (Primary Keys: {'id': 1})
--------------------------------------------------------------------------------[0m
2025-06-18 14:24:07,588 - DuplicateEntryError - ERROR - 
[31m--------------------------------------------------------------------------------
An entry with primary keys {'id': 1} already exists. (Primary Keys: {'id': 1})
--------------------------------------------------------------------------------[0m
2025-06-18 14:26:24,899 - DuplicateEntryError - ERROR - 
[31m--------------------------------------------------------------------------------
An entry with primary keys {'id': 1} already exists. (Primary Keys: {'id': 1})
--------------------------------------------------------------------------------[0m
2025-06-18 14:26:24,931 - DuplicateEntryError - ERROR - 
[31m--------------------------------------------------------------------------------
An entry with primary keys {'id': 1} already exists. (Primary Keys: {'id': 1})
--------------------------------------------------------------------------------[0m
2025-06-18 14:27:21,909 - DuplicateEntryError - ERROR - 
[31m--------------------------------------------------------------------------------
An entry with primary keys {'id': 1} already exists. (Primary Keys: {'id': 1})
--------------------------------------------------------------------------------[0m
2025-06-18 14:31:35,454 - DuplicateEntryError - ERROR - 
[31m--------------------------------------------------------------------------------
An entry with primary keys {'id': 1} already exists. (Primary Keys: {'id': 1})
--------------------------------------------------------------------------------[0m
2025-06-18 14:31:35,487 - DuplicateEntryError - ERROR - 
[31m--------------------------------------------------------------------------------
An entry with primary keys {'id': 1} already exists. (Primary Keys: {'id': 1})
--------------------------------------------------------------------------------[0m
2025-06-18 14:31:35,487 - DuplicateEntryError - ERROR - 
[31m--------------------------------------------------------------------------------
An entry with primary keys {'id': 1} already exists. (Primary Keys: {'id': 1})
--------------------------------------------------------------------------------[0m
2025-06-18 14:32:47,303 - DuplicateEntryError - ERROR - 
[31m--------------------------------------------------------------------------------
An entry with primary keys {'id': 1} already exists. (Primary Keys: {'id': 1})
--------------------------------------------------------------------------------[0m
2025-06-18 14:32:47,334 - DuplicateEntryError - ERROR - 
[31m--------------------------------------------------------------------------------
An entry with primary keys {'id': 1} already exists. (Primary Keys: {'id': 1})
--------------------------------------------------------------------------------[0m
2025-06-18 14:36:16,315 - DuplicateEntryError - ERROR - 
[31m--------------------------------------------------------------------------------
An entry with primary keys {'id': 1} already exists. (Primary Keys: {'id': 1})
--------------------------------------------------------------------------------[0m
2025-06-18 14:36:16,349 - DuplicateEntryError - ERROR - 
[31m--------------------------------------------------------------------------------
An entry with primary keys {'id': 1} already exists. (Primary Keys: {'id': 1})
--------------------------------------------------------------------------------[0m
2025-06-18 14:37:03,482 - DuplicateEntryError - ERROR - 
[31m--------------------------------------------------------------------------------
An entry with primary keys {'id': 1} already exists. (Primary Keys: {'id': 1})
--------------------------------------------------------------------------------[0m
2025-06-18 14:37:03,517 - DuplicateEntryError - ERROR - 
[31m--------------------------------------------------------------------------------
An entry with primary keys {'id': 1} already exists. (Primary Keys: {'id': 1})
--------------------------------------------------------------------------------[0m
2025-06-18 14:37:23,829 - DuplicateEntryError - ERROR - 
[31m--------------------------------------------------------------------------------
An entry with primary keys {'id': 1} already exists. (Primary Keys: {'id': 1})
--------------------------------------------------------------------------------[0m
2025-06-18 14:37:23,863 - DuplicateEntryError - ERROR - 
[31m--------------------------------------------------------------------------------
An entry with primary keys {'id': 1} already exists. (Primary Keys: {'id': 1})
--------------------------------------------------------------------------------[0m
2025-06-18 14:38:26,720 - DuplicateEntryError - ERROR - 
[31m--------------------------------------------------------------------------------
An entry with primary keys {'id': 1} already exists. (Primary Keys: {'id': 1})
--------------------------------------------------------------------------------[0m
2025-06-18 14:38:26,755 - DuplicateEntryError - ERROR - 
[31m--------------------------------------------------------------------------------
An entry with primary keys {'id': 1} already exists. (Primary Keys: {'id': 1})
--------------------------------------------------------------------------------[0m
2025-06-18 14:39:09,372 - DuplicateEntryError - ERROR - 
[31m--------------------------------------------------------------------------------
An entry with primary keys {'id': 1} already exists. (Primary Keys: {'id': 1})
--------------------------------------------------------------------------------[0m
2025-06-18 14:39:09,405 - DuplicateEntryError - ERROR - 
[31m--------------------------------------------------------------------------------
An entry with primary keys {'id': 1} already exists. (Primary Keys: {'id': 1})
--------------------------------------------------------------------------------[0m
2025-06-18 14:40:30,252 - DuplicateEntryError - ERROR - 
[31m--------------------------------------------------------------------------------
An entry with primary keys {'id': 1} already exists. (Primary Keys: {'id': 1})
--------------------------------------------------------------------------------[0m
2025-06-18 14:40:30,282 - DuplicateEntryError - ERROR - 
[31m--------------------------------------------------------------------------------
An entry with primary keys {'id': 1} already exists. (Primary Keys: {'id': 1})
--------------------------------------------------------------------------------[0m
2025-06-18 14:40:51,062 - DuplicateEntryError - ERROR - 
[31m--------------------------------------------------------------------------------
An entry with primary keys {'id': 1} already exists. (Primary Keys: {'id': 1})
--------------------------------------------------------------------------------[0m
2025-06-18 14:40:51,069 - DuplicateEntryError - ERROR - 
[31m--------------------------------------------------------------------------------
An entry with primary keys {'id': 1} already exists. (Primary Keys: {'id': 1})
--------------------------------------------------------------------------------[0m
2025-06-18 14:46:11,064 - DuplicateEntryError - ERROR - 
[31m--------------------------------------------------------------------------------
An entry with primary keys {'id': 1} already exists. (Primary Keys: {'id': 1})
--------------------------------------------------------------------------------[0m
2025-06-18 14:46:11,071 - DuplicateEntryError - ERROR - 
[31m--------------------------------------------------------------------------------
An entry with primary keys {'id': 1} already exists. (Primary Keys: {'id': 1})
--------------------------------------------------------------------------------[0m
2025-06-18 14:46:59,152 - DuplicateEntryError - ERROR - 
[31m--------------------------------------------------------------------------------
An entry with primary keys {'id': 1} already exists. (Primary Keys: {'id': 1})
--------------------------------------------------------------------------------[0m
2025-06-18 14:46:59,160 - DuplicateEntryError - ERROR - 
[31m--------------------------------------------------------------------------------
An entry with primary keys {'id': 1} already exists. (Primary Keys: {'id': 1})
--------------------------------------------------------------------------------[0m
2025-06-18 14:47:09,337 - DuplicateEntryError - ERROR - 
[31m--------------------------------------------------------------------------------
An entry with primary keys {'id': 1} already exists. (Primary Keys: {'id': 1})
--------------------------------------------------------------------------------[0m
2025-06-18 14:47:09,343 - DuplicateEntryError - ERROR - 
[31m--------------------------------------------------------------------------------
An entry with primary keys {'id': 1} already exists. (Primary Keys: {'id': 1})
--------------------------------------------------------------------------------[0m
2025-06-18 14:48:32,799 - DuplicateEntryError - ERROR - 
[31m--------------------------------------------------------------------------------
An entry with primary keys {'id': 1} already exists. (Primary Keys: {'id': 1})
--------------------------------------------------------------------------------[0m
2025-06-18 14:48:32,805 - DuplicateEntryError - ERROR - 
[31m--------------------------------------------------------------------------------
An entry with primary keys {'id': 1} already exists. (Primary Keys: {'id': 1})
--------------------------------------------------------------------------------[0m
2025-06-18 18:06:41,292 - DuplicateEntryError - ERROR - 
[31m--------------------------------------------------------------------------------
An entry with primary keys {'id': 1} already exists. (Primary Keys: {'id': 1})
--------------------------------------------------------------------------------[0m
2025-06-18 18:06:41,299 - DuplicateEntryError - ERROR - 
[31m--------------------------------------------------------------------------------
An entry with primary keys {'id': 1} already exists. (Primary Keys: {'id': 1})
--------------------------------------------------------------------------------[0m
2025-06-18 18:09:07,655 - DuplicateEntryError - ERROR - 
[31m--------------------------------------------------------------------------------
An entry with primary keys {'id': 1} already exists. (Primary Keys: {'id': 1})
--------------------------------------------------------------------------------[0m
2025-06-18 18:09:07,663 - DuplicateEntryError - ERROR - 
[31m--------------------------------------------------------------------------------
An entry with primary keys {'id': 1} already exists. (Primary Keys: {'id': 1})
--------------------------------------------------------------------------------[0m
2025-06-18 18:14:04,722 - DuplicateEntryError - ERROR - 
[31m--------------------------------------------------------------------------------
An entry with primary keys {'id': 1} already exists. (Primary Keys: {'id': 1})
--------------------------------------------------------------------------------[0m
2025-06-18 18:14:04,731 - DuplicateEntryError - ERROR - 
[31m--------------------------------------------------------------------------------
An entry with primary keys {'id': 1} already exists. (Primary Keys: {'id': 1})
--------------------------------------------------------------------------------[0m
2025-06-18 20:52:38,445 - DuplicateEntryError - ERROR - 
[31m--------------------------------------------------------------------------------
An entry with primary keys {'id': 1} already exists. (Primary Keys: {'id': 1})
--------------------------------------------------------------------------------[0m
2025-06-18 20:52:38,471 - DuplicateEntryError - ERROR - 
[31m--------------------------------------------------------------------------------
An entry with primary keys {'id': 1} already exists. (Primary Keys: {'id': 1})
--------------------------------------------------------------------------------[0m
2025-06-18 20:57:06,412 - DuplicateEntryError - ERROR - 
[31m--------------------------------------------------------------------------------
An entry with primary keys {'id': 1} already exists. (Primary Keys: {'id': 1})
--------------------------------------------------------------------------------[0m
2025-06-18 20:57:06,418 - DuplicateEntryError - ERROR - 
[31m--------------------------------------------------------------------------------
An entry with primary keys {'id': 1} already exists. (Primary Keys: {'id': 1})
--------------------------------------------------------------------------------[0m
2025-06-18 22:24:24,607 - DuplicateEntryError - ERROR - 
[31m--------------------------------------------------------------------------------
An entry with primary keys {'id': 1} already exists. (Primary Keys: {'id': 1})
--------------------------------------------------------------------------------[0m
2025-06-18 22:24:24,614 - DuplicateEntryError - ERROR - 
[31m--------------------------------------------------------------------------------
An entry with primary keys {'id': 1} already exists. (Primary Keys: {'id': 1})
--------------------------------------------------------------------------------[0m
2025-06-18 22:26:08,742 - DuplicateEntryError - ERROR - 
[31m--------------------------------------------------------------------------------
An entry with primary keys {'id': 1} already exists. (Primary Keys: {'id': 1})
--------------------------------------------------------------------------------[0m
2025-06-18 22:26:08,768 - DuplicateEntryError - ERROR - 
[31m--------------------------------------------------------------------------------
An entry with primary keys {'id': 1} already exists. (Primary Keys: {'id': 1})
--------------------------------------------------------------------------------[0m
2025-06-18 22:27:57,664 - DuplicateEntryError - ERROR - 
[31m--------------------------------------------------------------------------------
An entry with primary keys {'id': 1} already exists. (Primary Keys: {'id': 1})
--------------------------------------------------------------------------------[0m
2025-06-18 22:27:57,671 - DuplicateEntryError - ERROR - 
[31m--------------------------------------------------------------------------------
An entry with primary keys {'id': 1} already exists. (Primary Keys: {'id': 1})
--------------------------------------------------------------------------------[0m
2025-06-18 22:29:05,357 - DuplicateEntryError - ERROR - 
[31m--------------------------------------------------------------------------------
An entry with primary keys {'id': 1} already exists. (Primary Keys: {'id': 1})
--------------------------------------------------------------------------------[0m
2025-06-18 22:29:05,382 - DuplicateEntryError - ERROR - 
[31m--------------------------------------------------------------------------------
An entry with primary keys {'id': 1} already exists. (Primary Keys: {'id': 1})
--------------------------------------------------------------------------------[0m
2025-06-18 22:35:10,641 - DuplicateEntryError - ERROR - 
[31m--------------------------------------------------------------------------------
An entry with primary keys {'id': 1} already exists. (Primary Keys: {'id': 1})
--------------------------------------------------------------------------------[0m
2025-06-18 22:35:10,667 - DuplicateEntryError - ERROR - 
[31m--------------------------------------------------------------------------------
An entry with primary keys {'id': 1} already exists. (Primary Keys: {'id': 1})
--------------------------------------------------------------------------------[0m
2025-06-18 22:35:59,379 - DuplicateEntryError - ERROR - 
[31m--------------------------------------------------------------------------------
An entry with primary keys {'id': 1} already exists. (Primary Keys: {'id': 1})
--------------------------------------------------------------------------------[0m
2025-06-18 22:35:59,405 - DuplicateEntryError - ERROR - 
[31m--------------------------------------------------------------------------------
An entry with primary keys {'id': 1} already exists. (Primary Keys: {'id': 1})
--------------------------------------------------------------------------------[0m
2025-06-18 22:36:11,259 - DuplicateEntryError - ERROR - 
[31m--------------------------------------------------------------------------------
An entry with primary keys {'id': 1} already exists. (Primary Keys: {'id': 1})
--------------------------------------------------------------------------------[0m
2025-06-18 22:36:11,284 - DuplicateEntryError - ERROR - 
[31m--------------------------------------------------------------------------------
An entry with primary keys {'id': 1} already exists. (Primary Keys: {'id': 1})
--------------------------------------------------------------------------------[0m
2025-06-18 22:40:25,901 - DuplicateEntryError - ERROR - 
[31m--------------------------------------------------------------------------------
An entry with primary keys {'id': 1} already exists. (Primary Keys: {'id': 1})
--------------------------------------------------------------------------------[0m
2025-06-18 22:40:25,927 - DuplicateEntryError - ERROR - 
[31m--------------------------------------------------------------------------------
An entry with primary keys {'id': 1} already exists. (Primary Keys: {'id': 1})
--------------------------------------------------------------------------------[0m
2025-06-18 22:44:17,652 - DuplicateEntryError - ERROR - 
[31m--------------------------------------------------------------------------------
An entry with primary keys {'id': 1} already exists. (Primary Keys: {'id': 1})
--------------------------------------------------------------------------------[0m
2025-06-18 22:44:17,677 - DuplicateEntryError - ERROR - 
[31m--------------------------------------------------------------------------------
An entry with primary keys {'id': 1} already exists. (Primary Keys: {'id': 1})
--------------------------------------------------------------------------------[0m
2025-06-18 22:46:28,714 - DuplicateEntryError - ERROR - 
[31m--------------------------------------------------------------------------------
An entry with primary keys {'id': 1} already exists. (Primary Keys: {'id': 1})
--------------------------------------------------------------------------------[0m
2025-06-18 22:46:28,739 - DuplicateEntryError - ERROR - 
[31m--------------------------------------------------------------------------------
An entry with primary keys {'id': 1} already exists. (Primary Keys: {'id': 1})
--------------------------------------------------------------------------------[0m
2025-06-18 22:48:29,918 - DuplicateEntryError - ERROR - 
[31m--------------------------------------------------------------------------------
An entry with primary keys {'id': 1} already exists. (Primary Keys: {'id': 1})
--------------------------------------------------------------------------------[0m
2025-06-18 22:48:29,926 - DuplicateEntryError - ERROR - 
[31m--------------------------------------------------------------------------------
An entry with primary keys {'id': 1} already exists. (Primary Keys: {'id': 1})
--------------------------------------------------------------------------------[0m
2025-06-18 22:48:52,718 - DuplicateEntryError - ERROR - 
[31m--------------------------------------------------------------------------------
An entry with primary keys {'id': 1} already exists. (Primary Keys: {'id': 1})
--------------------------------------------------------------------------------[0m
2025-06-18 22:48:52,743 - DuplicateEntryError - ERROR - 
[31m--------------------------------------------------------------------------------
An entry with primary keys {'id': 1} already exists. (Primary Keys: {'id': 1})
--------------------------------------------------------------------------------[0m
2025-06-18 22:52:43,451 - DuplicateEntryError - ERROR - 
[31m--------------------------------------------------------------------------------
An entry with primary keys {'id': 1} already exists. (Primary Keys: {'id': 1})
--------------------------------------------------------------------------------[0m
2025-06-18 22:52:43,476 - DuplicateEntryError - ERROR - 
[31m--------------------------------------------------------------------------------
An entry with primary keys {'id': 1} already exists. (Primary Keys: {'id': 1})
--------------------------------------------------------------------------------[0m
2025-06-18 22:54:53,136 - DuplicateEntryError - ERROR - 
[31m--------------------------------------------------------------------------------
An entry with primary keys {'id': 1} already exists. (Primary Keys: {'id': 1})
--------------------------------------------------------------------------------[0m
2025-06-18 22:54:53,162 - DuplicateEntryError - ERROR - 
[31m--------------------------------------------------------------------------------
An entry with primary keys {'id': 1} already exists. (Primary Keys: {'id': 1})
--------------------------------------------------------------------------------[0m
2025-06-18 22:56:16,598 - DuplicateEntryError - ERROR - 
[31m--------------------------------------------------------------------------------
An entry with primary keys {'id': 1} already exists. (Primary Keys: {'id': 1})
--------------------------------------------------------------------------------[0m
2025-06-18 22:56:16,625 - DuplicateEntryError - ERROR - 
[31m--------------------------------------------------------------------------------
An entry with primary keys {'id': 1} already exists. (Primary Keys: {'id': 1})
--------------------------------------------------------------------------------[0m
2025-06-18 22:58:31,389 - DuplicateEntryError - ERROR - 
[31m--------------------------------------------------------------------------------
An entry with primary keys {'id': 1} already exists. (Primary Keys: {'id': 1})
--------------------------------------------------------------------------------[0m
2025-06-18 22:58:31,415 - DuplicateEntryError - ERROR - 
[31m--------------------------------------------------------------------------------
An entry with primary keys {'id': 1} already exists. (Primary Keys: {'id': 1})
--------------------------------------------------------------------------------[0m
2025-06-18 22:59:03,296 - DuplicateEntryError - ERROR - 
[31m--------------------------------------------------------------------------------
An entry with primary keys {'id': 1} already exists. (Primary Keys: {'id': 1})
--------------------------------------------------------------------------------[0m
2025-06-18 22:59:03,322 - DuplicateEntryError - ERROR - 
[31m--------------------------------------------------------------------------------
An entry with primary keys {'id': 1} already exists. (Primary Keys: {'id': 1})
--------------------------------------------------------------------------------[0m
2025-06-18 23:01:34,157 - DuplicateEntryError - ERROR - 
[31m--------------------------------------------------------------------------------
An entry with primary keys {'id': 1} already exists. (Primary Keys: {'id': 1})
--------------------------------------------------------------------------------[0m
2025-06-18 23:01:34,182 - DuplicateEntryError - ERROR - 
[31m--------------------------------------------------------------------------------
An entry with primary keys {'id': 1} already exists. (Primary Keys: {'id': 1})
--------------------------------------------------------------------------------[0m
2025-06-18 23:07:12,270 - DuplicateEntryError - ERROR - 
[31m--------------------------------------------------------------------------------
An entry with primary keys {'id': 1} already exists. (Primary Keys: {'id': 1})
--------------------------------------------------------------------------------[0m
2025-06-18 23:07:12,296 - DuplicateEntryError - ERROR - 
[31m--------------------------------------------------------------------------------
An entry with primary keys {'id': 1} already exists. (Primary Keys: {'id': 1})
--------------------------------------------------------------------------------[0m
2025-06-18 23:14:27,558 - DuplicateEntryError - ERROR - 
[31m--------------------------------------------------------------------------------
An entry with primary keys {'id': 1} already exists. (Primary Keys: {'id': 1})
--------------------------------------------------------------------------------[0m
2025-06-18 23:14:27,584 - DuplicateEntryError - ERROR - 
[31m--------------------------------------------------------------------------------
An entry with primary keys {'id': 1} already exists. (Primary Keys: {'id': 1})
--------------------------------------------------------------------------------[0m
2025-06-18 23:14:27,709 - DuplicateEntryError - ERROR - 
[31m--------------------------------------------------------------------------------
An entry with primary keys {'strategy': 'earnings_straddle'} already exists. (Primary Keys: {'strategy': 'earnings_straddle'})
--------------------------------------------------------------------------------[0m
2025-06-18 23:17:14,623 - DuplicateEntryError - ERROR - 
[31m--------------------------------------------------------------------------------
An entry with primary keys {'id': 1} already exists. (Primary Keys: {'id': 1})
--------------------------------------------------------------------------------[0m
2025-06-18 23:17:14,648 - DuplicateEntryError - ERROR - 
[31m--------------------------------------------------------------------------------
An entry with primary keys {'id': 1} already exists. (Primary Keys: {'id': 1})
--------------------------------------------------------------------------------[0m
2025-06-18 23:17:14,774 - DuplicateEntryError - ERROR - 
[31m--------------------------------------------------------------------------------
An entry with primary keys {'strategy': 'earnings_straddle'} already exists. (Primary Keys: {'strategy': 'earnings_straddle'})
--------------------------------------------------------------------------------[0m
2025-06-18 23:21:15,039 - DuplicateEntryError - ERROR - 
[31m--------------------------------------------------------------------------------
An entry with primary keys {'id': 1} already exists. (Primary Keys: {'id': 1})
--------------------------------------------------------------------------------[0m
2025-06-18 23:21:15,067 - DuplicateEntryError - ERROR - 
[31m--------------------------------------------------------------------------------
An entry with primary keys {'id': 1} already exists. (Primary Keys: {'id': 1})
--------------------------------------------------------------------------------[0m
2025-06-18 23:21:15,193 - DuplicateEntryError - ERROR - 
[31m--------------------------------------------------------------------------------
An entry with primary keys {'strategy': 'earnings_straddle'} already exists. (Primary Keys: {'strategy': 'earnings_straddle'})
--------------------------------------------------------------------------------[0m
2025-06-18 23:23:03,967 - DuplicateEntryError - ERROR - 
[31m--------------------------------------------------------------------------------
An entry with primary keys {'id': 1} already exists. (Primary Keys: {'id': 1})
--------------------------------------------------------------------------------[0m
2025-06-18 23:23:03,994 - DuplicateEntryError - ERROR - 
[31m--------------------------------------------------------------------------------
An entry with primary keys {'id': 1} already exists. (Primary Keys: {'id': 1})
--------------------------------------------------------------------------------[0m
2025-06-18 23:23:34,297 - DuplicateEntryError - ERROR - 
[31m--------------------------------------------------------------------------------
An entry with primary keys {'id': 1} already exists. (Primary Keys: {'id': 1})
--------------------------------------------------------------------------------[0m
2025-06-18 23:23:34,322 - DuplicateEntryError - ERROR - 
[31m--------------------------------------------------------------------------------
An entry with primary keys {'id': 1} already exists. (Primary Keys: {'id': 1})
--------------------------------------------------------------------------------[0m
2025-06-18 23:26:20,118 - DuplicateEntryError - ERROR - 
[31m--------------------------------------------------------------------------------
An entry with primary keys {'id': 1} already exists. (Primary Keys: {'id': 1})
--------------------------------------------------------------------------------[0m
2025-06-18 23:26:20,144 - DuplicateEntryError - ERROR - 
[31m--------------------------------------------------------------------------------
An entry with primary keys {'id': 1} already exists. (Primary Keys: {'id': 1})
--------------------------------------------------------------------------------[0m
2025-06-18 23:39:17,837 - DuplicateEntryError - ERROR - 
[31m--------------------------------------------------------------------------------
An entry with primary keys {'id': 1} already exists. (Primary Keys: {'id': 1})
--------------------------------------------------------------------------------[0m
2025-06-18 23:39:17,864 - DuplicateEntryError - ERROR - 
[31m--------------------------------------------------------------------------------
An entry with primary keys {'id': 1} already exists. (Primary Keys: {'id': 1})
--------------------------------------------------------------------------------[0m
2025-06-18 23:39:47,968 - DuplicateEntryError - ERROR - 
[31m--------------------------------------------------------------------------------
An entry with primary keys {'id': 1} already exists. (Primary Keys: {'id': 1})
--------------------------------------------------------------------------------[0m
2025-06-18 23:39:47,993 - DuplicateEntryError - ERROR - 
[31m--------------------------------------------------------------------------------
An entry with primary keys {'id': 1} already exists. (Primary Keys: {'id': 1})
--------------------------------------------------------------------------------[0m
2025-06-18 23:40:34,544 - DuplicateEntryError - ERROR - 
[31m--------------------------------------------------------------------------------
An entry with primary keys {'id': 1} already exists. (Primary Keys: {'id': 1})
--------------------------------------------------------------------------------[0m
2025-06-18 23:40:34,569 - DuplicateEntryError - ERROR - 
[31m--------------------------------------------------------------------------------
An entry with primary keys {'id': 1} already exists. (Primary Keys: {'id': 1})
--------------------------------------------------------------------------------[0m
2025-06-18 23:46:01,829 - DuplicateEntryError - ERROR - 
[31m--------------------------------------------------------------------------------
An entry with primary keys {'id': 1} already exists. (Primary Keys: {'id': 1})
--------------------------------------------------------------------------------[0m
2025-06-18 23:46:01,854 - DuplicateEntryError - ERROR - 
[31m--------------------------------------------------------------------------------
An entry with primary keys {'id': 1} already exists. (Primary Keys: {'id': 1})
--------------------------------------------------------------------------------[0m
2025-06-18 23:46:56,899 - DuplicateEntryError - ERROR - 
[31m--------------------------------------------------------------------------------
An entry with primary keys {'id': 1} already exists. (Primary Keys: {'id': 1})
--------------------------------------------------------------------------------[0m
2025-06-18 23:46:56,924 - DuplicateEntryError - ERROR - 
[31m--------------------------------------------------------------------------------
An entry with primary keys {'id': 1} already exists. (Primary Keys: {'id': 1})
--------------------------------------------------------------------------------[0m
2025-06-18 23:48:03,165 - DuplicateEntryError - ERROR - 
[31m--------------------------------------------------------------------------------
An entry with primary keys {'id': 1} already exists. (Primary Keys: {'id': 1})
--------------------------------------------------------------------------------[0m
2025-06-18 23:48:03,190 - DuplicateEntryError - ERROR - 
[31m--------------------------------------------------------------------------------
An entry with primary keys {'id': 1} already exists. (Primary Keys: {'id': 1})
--------------------------------------------------------------------------------[0m
2025-06-18 23:50:26,741 - DuplicateEntryError - ERROR - 
[31m--------------------------------------------------------------------------------
An entry with primary keys {'id': 1} already exists. (Primary Keys: {'id': 1})
--------------------------------------------------------------------------------[0m
2025-06-18 23:50:26,766 - DuplicateEntryError - ERROR - 
[31m--------------------------------------------------------------------------------
An entry with primary keys {'id': 1} already exists. (Primary Keys: {'id': 1})
--------------------------------------------------------------------------------[0m
2025-06-18 23:52:21,065 - DuplicateEntryError - ERROR - 
[31m--------------------------------------------------------------------------------
An entry with primary keys {'id': 1} already exists. (Primary Keys: {'id': 1})
--------------------------------------------------------------------------------[0m
2025-06-18 23:52:21,090 - DuplicateEntryError - ERROR - 
[31m--------------------------------------------------------------------------------
An entry with primary keys {'id': 1} already exists. (Primary Keys: {'id': 1})
--------------------------------------------------------------------------------[0m
2025-06-18 23:54:57,285 - DuplicateEntryError - ERROR - 
[31m--------------------------------------------------------------------------------
An entry with primary keys {'id': 1} already exists. (Primary Keys: {'id': 1})
--------------------------------------------------------------------------------[0m
2025-06-18 23:54:57,311 - DuplicateEntryError - ERROR - 
[31m--------------------------------------------------------------------------------
An entry with primary keys {'id': 1} already exists. (Primary Keys: {'id': 1})
--------------------------------------------------------------------------------[0m
2025-06-18 23:54:57,436 - DuplicateEntryError - ERROR - 
[31m--------------------------------------------------------------------------------
An entry with primary keys {'strategy': 'earnings_straddle'} already exists. (Primary Keys: {'strategy': 'earnings_straddle'})
--------------------------------------------------------------------------------[0m
