2025-02-19 08:47:07,902 - models_types_generator - INFO - 
[32m--------------------------------------------------------------------------------
Found class: CurrentPosition
--------------------------------------------------------------------------------[0m
2025-02-19 08:47:07,903 - models_types_generator - INFO - 
[32m--------------------------------------------------------------------------------
  Processing field: stock
--------------------------------------------------------------------------------[0m
2025-02-19 08:47:07,903 - models_types_generator - INFO - 
[32m--------------------------------------------------------------------------------
    Field type: str
--------------------------------------------------------------------------------[0m
2025-02-19 08:47:07,903 - models_types_generator - INFO - 
[32m--------------------------------------------------------------------------------
  Processing field: avg_price_bought
--------------------------------------------------------------------------------[0m
2025-02-19 08:47:07,903 - models_types_generator - INFO - 
[32m--------------------------------------------------------------------------------
    Field type: float
--------------------------------------------------------------------------------[0m
2025-02-19 08:47:07,903 - models_types_generator - INFO - 
[32m--------------------------------------------------------------------------------
  Processing field: current_price
--------------------------------------------------------------------------------[0m
2025-02-19 08:47:07,903 - models_types_generator - INFO - 
[32m--------------------------------------------------------------------------------
    Field type: float
--------------------------------------------------------------------------------[0m
2025-02-19 08:47:07,903 - models_types_generator - INFO - 
[32m--------------------------------------------------------------------------------
  Processing field: quantity
--------------------------------------------------------------------------------[0m
2025-02-19 08:47:07,903 - models_types_generator - INFO - 
[32m--------------------------------------------------------------------------------
    Field type: float
--------------------------------------------------------------------------------[0m
2025-02-19 08:47:07,903 - models_types_generator - INFO - 
[32m--------------------------------------------------------------------------------
  Processing field: stop_limit
--------------------------------------------------------------------------------[0m
2025-02-19 08:47:07,903 - models_types_generator - INFO - 
[32m--------------------------------------------------------------------------------
    Field type: float
--------------------------------------------------------------------------------[0m
2025-02-19 08:47:07,903 - models_types_generator - INFO - 
[32m--------------------------------------------------------------------------------
  Processing field: stop_limit_in_place
--------------------------------------------------------------------------------[0m
2025-02-19 08:47:07,903 - models_types_generator - INFO - 
[32m--------------------------------------------------------------------------------
    Field type: int
--------------------------------------------------------------------------------[0m
2025-02-19 08:47:07,903 - models_types_generator - INFO - 
[32m--------------------------------------------------------------------------------
  Processing field: strategy
--------------------------------------------------------------------------------[0m
2025-02-19 08:47:07,903 - models_types_generator - INFO - 
[32m--------------------------------------------------------------------------------
    Field type: str
--------------------------------------------------------------------------------[0m
2025-02-19 08:47:07,903 - models_types_generator - INFO - 
[32m--------------------------------------------------------------------------------
  Fields: {'stock': 'str', 'avg_price_bought': 'float', 'current_price': 'float', 'quantity': 'float', 'stop_limit': 'float', 'stop_limit_in_place': 'int', 'strategy': 'str'}
--------------------------------------------------------------------------------[0m
2025-02-19 08:47:07,904 - models_types_generator - INFO - 
[32m--------------------------------------------------------------------------------
Found class: TargetPosition
--------------------------------------------------------------------------------[0m
2025-02-19 08:47:07,904 - models_types_generator - INFO - 
[32m--------------------------------------------------------------------------------
  Processing field: stock
--------------------------------------------------------------------------------[0m
2025-02-19 08:47:07,904 - models_types_generator - INFO - 
[32m--------------------------------------------------------------------------------
    Field type: str
--------------------------------------------------------------------------------[0m
2025-02-19 08:47:07,904 - models_types_generator - INFO - 
[32m--------------------------------------------------------------------------------
  Processing field: avg_price_bought
--------------------------------------------------------------------------------[0m
2025-02-19 08:47:07,904 - models_types_generator - INFO - 
[32m--------------------------------------------------------------------------------
    Field type: float
--------------------------------------------------------------------------------[0m
2025-02-19 08:47:07,904 - models_types_generator - INFO - 
[32m--------------------------------------------------------------------------------
  Processing field: current_price
--------------------------------------------------------------------------------[0m
2025-02-19 08:47:07,904 - models_types_generator - INFO - 
[32m--------------------------------------------------------------------------------
    Field type: float
--------------------------------------------------------------------------------[0m
2025-02-19 08:47:07,904 - models_types_generator - INFO - 
[32m--------------------------------------------------------------------------------
  Processing field: quantity
--------------------------------------------------------------------------------[0m
2025-02-19 08:47:07,904 - models_types_generator - INFO - 
[32m--------------------------------------------------------------------------------
    Field type: float
--------------------------------------------------------------------------------[0m
2025-02-19 08:47:07,904 - models_types_generator - INFO - 
[32m--------------------------------------------------------------------------------
  Processing field: stop_limit
--------------------------------------------------------------------------------[0m
2025-02-19 08:47:07,904 - models_types_generator - INFO - 
[32m--------------------------------------------------------------------------------
    Field type: float
--------------------------------------------------------------------------------[0m
2025-02-19 08:47:07,904 - models_types_generator - INFO - 
[32m--------------------------------------------------------------------------------
  Processing field: strategy
--------------------------------------------------------------------------------[0m
2025-02-19 08:47:07,904 - models_types_generator - INFO - 
[32m--------------------------------------------------------------------------------
    Field type: str
--------------------------------------------------------------------------------[0m
2025-02-19 08:47:07,904 - models_types_generator - INFO - 
[32m--------------------------------------------------------------------------------
  Fields: {'stock': 'str', 'avg_price_bought': 'float', 'current_price': 'float', 'quantity': 'float', 'stop_limit': 'float', 'strategy': 'str'}
--------------------------------------------------------------------------------[0m
2025-02-19 08:47:07,904 - models_types_generator - INFO - 
[32m--------------------------------------------------------------------------------
Found class: OpenOrders
--------------------------------------------------------------------------------[0m
2025-02-19 08:47:07,904 - models_types_generator - INFO - 
[32m--------------------------------------------------------------------------------
  Processing field: order_id
--------------------------------------------------------------------------------[0m
2025-02-19 08:47:07,904 - models_types_generator - INFO - 
[32m--------------------------------------------------------------------------------
    Field type: int
--------------------------------------------------------------------------------[0m
2025-02-19 08:47:07,904 - models_types_generator - INFO - 
[32m--------------------------------------------------------------------------------
  Processing field: stock
--------------------------------------------------------------------------------[0m
2025-02-19 08:47:07,905 - models_types_generator - INFO - 
[32m--------------------------------------------------------------------------------
    Field type: str
--------------------------------------------------------------------------------[0m
2025-02-19 08:47:07,905 - models_types_generator - INFO - 
[32m--------------------------------------------------------------------------------
  Processing field: time
--------------------------------------------------------------------------------[0m
2025-02-19 08:47:07,905 - models_types_generator - INFO - 
[32m--------------------------------------------------------------------------------
    Field type: datetime.datetime
--------------------------------------------------------------------------------[0m
2025-02-19 08:47:07,905 - models_types_generator - INFO - 
[32m--------------------------------------------------------------------------------
  Processing field: price_transacted
--------------------------------------------------------------------------------[0m
2025-02-19 08:47:07,905 - models_types_generator - INFO - 
[32m--------------------------------------------------------------------------------
    Field type: float
--------------------------------------------------------------------------------[0m
2025-02-19 08:47:07,905 - models_types_generator - INFO - 
[32m--------------------------------------------------------------------------------
  Processing field: fees
--------------------------------------------------------------------------------[0m
2025-02-19 08:47:07,905 - models_types_generator - INFO - 
[32m--------------------------------------------------------------------------------
    Field type: float
--------------------------------------------------------------------------------[0m
2025-02-19 08:47:07,905 - models_types_generator - INFO - 
[32m--------------------------------------------------------------------------------
  Processing field: quantity
--------------------------------------------------------------------------------[0m
2025-02-19 08:47:07,905 - models_types_generator - INFO - 
[32m--------------------------------------------------------------------------------
    Field type: float
--------------------------------------------------------------------------------[0m
2025-02-19 08:47:07,905 - models_types_generator - INFO - 
[32m--------------------------------------------------------------------------------
  Processing field: strategy
--------------------------------------------------------------------------------[0m
2025-02-19 08:47:07,905 - models_types_generator - INFO - 
[32m--------------------------------------------------------------------------------
    Field type: str
--------------------------------------------------------------------------------[0m
2025-02-19 08:47:07,905 - models_types_generator - INFO - 
[32m--------------------------------------------------------------------------------
  Fields: {'order_id': 'int', 'stock': 'str', 'time': 'datetime.datetime', 'price_transacted': 'float', 'fees': 'float', 'quantity': 'float', 'strategy': 'str'}
--------------------------------------------------------------------------------[0m
2025-02-19 08:47:07,905 - models_types_generator - INFO - 
[32m--------------------------------------------------------------------------------
Found class: Transaction
--------------------------------------------------------------------------------[0m
2025-02-19 08:47:07,905 - models_types_generator - INFO - 
[32m--------------------------------------------------------------------------------
  Processing field: stock
--------------------------------------------------------------------------------[0m
2025-02-19 08:47:07,905 - models_types_generator - INFO - 
[32m--------------------------------------------------------------------------------
    Field type: str
--------------------------------------------------------------------------------[0m
2025-02-19 08:47:07,905 - models_types_generator - INFO - 
[32m--------------------------------------------------------------------------------
  Processing field: time
--------------------------------------------------------------------------------[0m
2025-02-19 08:47:07,905 - models_types_generator - INFO - 
[32m--------------------------------------------------------------------------------
    Field type: datetime.datetime
--------------------------------------------------------------------------------[0m
2025-02-19 08:47:07,905 - models_types_generator - INFO - 
[32m--------------------------------------------------------------------------------
  Processing field: price_transacted
--------------------------------------------------------------------------------[0m
2025-02-19 08:47:07,905 - models_types_generator - INFO - 
[32m--------------------------------------------------------------------------------
    Field type: float
--------------------------------------------------------------------------------[0m
2025-02-19 08:47:07,906 - models_types_generator - INFO - 
[32m--------------------------------------------------------------------------------
  Processing field: fees
--------------------------------------------------------------------------------[0m
2025-02-19 08:47:07,906 - models_types_generator - INFO - 
[32m--------------------------------------------------------------------------------
    Field type: float
--------------------------------------------------------------------------------[0m
2025-02-19 08:47:07,906 - models_types_generator - INFO - 
[32m--------------------------------------------------------------------------------
  Processing field: quantity
--------------------------------------------------------------------------------[0m
2025-02-19 08:47:07,906 - models_types_generator - INFO - 
[32m--------------------------------------------------------------------------------
    Field type: float
--------------------------------------------------------------------------------[0m
2025-02-19 08:47:07,906 - models_types_generator - INFO - 
[32m--------------------------------------------------------------------------------
  Processing field: strategy
--------------------------------------------------------------------------------[0m
2025-02-19 08:47:07,906 - models_types_generator - INFO - 
[32m--------------------------------------------------------------------------------
    Field type: str
--------------------------------------------------------------------------------[0m
2025-02-19 08:47:07,906 - models_types_generator - INFO - 
[32m--------------------------------------------------------------------------------
  Fields: {'stock': 'str', 'time': 'datetime.datetime', 'price_transacted': 'float', 'fees': 'float', 'quantity': 'float', 'strategy': 'str'}
--------------------------------------------------------------------------------[0m
2025-02-19 08:47:07,906 - models_types_generator - INFO - 
[32m--------------------------------------------------------------------------------
Found class: HistoricalData
--------------------------------------------------------------------------------[0m
2025-02-19 08:47:07,906 - models_types_generator - INFO - 
[32m--------------------------------------------------------------------------------
  Processing field: stock
--------------------------------------------------------------------------------[0m
2025-02-19 08:47:07,906 - models_types_generator - INFO - 
[32m--------------------------------------------------------------------------------
    Field type: str
--------------------------------------------------------------------------------[0m
2025-02-19 08:47:07,906 - models_types_generator - INFO - 
[32m--------------------------------------------------------------------------------
  Processing field: time
--------------------------------------------------------------------------------[0m
2025-02-19 08:47:07,906 - models_types_generator - INFO - 
[32m--------------------------------------------------------------------------------
    Field type: datetime.datetime
--------------------------------------------------------------------------------[0m
2025-02-19 08:47:07,906 - models_types_generator - INFO - 
[32m--------------------------------------------------------------------------------
  Processing field: open
--------------------------------------------------------------------------------[0m
2025-02-19 08:47:07,906 - models_types_generator - INFO - 
[32m--------------------------------------------------------------------------------
    Field type: float
--------------------------------------------------------------------------------[0m
2025-02-19 08:47:07,906 - models_types_generator - INFO - 
[32m--------------------------------------------------------------------------------
  Processing field: high
--------------------------------------------------------------------------------[0m
2025-02-19 08:47:07,906 - models_types_generator - INFO - 
[32m--------------------------------------------------------------------------------
    Field type: float
--------------------------------------------------------------------------------[0m
2025-02-19 08:47:07,906 - models_types_generator - INFO - 
[32m--------------------------------------------------------------------------------
  Processing field: low
--------------------------------------------------------------------------------[0m
2025-02-19 08:47:07,906 - models_types_generator - INFO - 
[32m--------------------------------------------------------------------------------
    Field type: float
--------------------------------------------------------------------------------[0m
2025-02-19 08:47:07,906 - models_types_generator - INFO - 
[32m--------------------------------------------------------------------------------
  Processing field: close
--------------------------------------------------------------------------------[0m
2025-02-19 08:47:07,907 - models_types_generator - INFO - 
[32m--------------------------------------------------------------------------------
    Field type: float
--------------------------------------------------------------------------------[0m
2025-02-19 08:47:07,907 - models_types_generator - INFO - 
[32m--------------------------------------------------------------------------------
  Processing field: volume
--------------------------------------------------------------------------------[0m
2025-02-19 08:47:07,907 - models_types_generator - INFO - 
[32m--------------------------------------------------------------------------------
    Field type: int
--------------------------------------------------------------------------------[0m
2025-02-19 08:47:07,907 - models_types_generator - INFO - 
[32m--------------------------------------------------------------------------------
  Fields: {'stock': 'str', 'time': 'datetime.datetime', 'open': 'float', 'high': 'float', 'low': 'float', 'close': 'float', 'volume': 'int'}
--------------------------------------------------------------------------------[0m
2025-02-19 08:47:07,912 - init_db() - INFO - 
[32m--------------------------------------------------------------------------------
Database initialization complete.
--------------------------------------------------------------------------------[0m
2025-02-19 08:47:07,916 - IBC - INFO - 
[32m--------------------------------------------------------------------------------
IBC LOGS START
--------------------------------------------------------------------------------[0m
2025-02-19 08:47:30,677 - IBC - INFO - 
[32m--------------------------------------------------------------------------------
IBC LOGS END - IBKR started
--------------------------------------------------------------------------------[0m
2025-02-19 08:47:31,676 - IBAsyncBroker - INFO - 
[32m--------------------------------------------------------------------------------
connect(): Successfully connected to IBKR.
--------------------------------------------------------------------------------[0m
2025-02-19 08:47:32,598 - IBAsyncBroker - INFO - 
[32m--------------------------------------------------------------------------------
New order placed: 517
--------------------------------------------------------------------------------[0m
2025-02-19 08:47:32,785 - IBAsyncBroker - INFO - 
[32m--------------------------------------------------------------------------------
Order submitted: 517 for SPY
--------------------------------------------------------------------------------[0m
2025-02-19 08:50:58,078 - run.py - ERROR - 
[31m--------------------------------------------------------------------------------
Failed, Disconnecting from brokers now: Traceback (most recent call last):
  File "/Users/ryantan/.pyenv/versions/3.10.0/lib/python3.10/asyncio/tasks.py", line 234, in __step
    result = coro.throw(exc)
  File "/Users/ryantan/.pyenv/versions/3.10.0/lib/python3.10/asyncio/tasks.py", line 609, in sleep
    return await future
  File "/Users/ryantan/.pyenv/versions/3.10.0/lib/python3.10/asyncio/futures.py", line 284, in __await__
    yield self  # This tells Task to wait for completion.
  File "/Users/ryantan/.pyenv/versions/3.10.0/lib/python3.10/asyncio/tasks.py", line 304, in __wakeup
    future.result()
  File "/Users/ryantan/.pyenv/versions/3.10.0/lib/python3.10/asyncio/futures.py", line 196, in result
    raise exc
asyncio.exceptions.CancelledError

During handling of the above exception, another exception occurred:

Traceback (most recent call last):
  File "/Users/ryantan/Downloads/Personal Projects/auto ibkr/py_book/backend/venv/lib/python3.10/site-packages/ib_async/util.py", line 360, in run
    result = loop.run_until_complete(task)
  File "/Users/ryantan/Downloads/Personal Projects/auto ibkr/py_book/backend/venv/lib/python3.10/site-packages/nest_asyncio.py", line 98, in run_until_complete
    return f.result()
  File "/Users/ryantan/.pyenv/versions/3.10.0/lib/python3.10/asyncio/futures.py", line 196, in result
    raise exc
asyncio.exceptions.CancelledError

During handling of the above exception, another exception occurred:

Traceback (most recent call last):
  File "/Users/ryantan/Downloads/Personal Projects/auto ibkr/py_book/backend/app/run.py", line 19, in run
    ibkr.ib.sleep(60 * 30)
  File "/Users/ryantan/Downloads/Personal Projects/auto ibkr/py_book/backend/venv/lib/python3.10/site-packages/ib_async/util.py", line 405, in sleep
    run(asyncio.sleep(secs))
  File "/Users/ryantan/Downloads/Personal Projects/auto ibkr/py_book/backend/venv/lib/python3.10/site-packages/ib_async/util.py", line 362, in run
    raise globalErrorEvent.value() or e
ConnectionError: Socket disconnect

--------------------------------------------------------------------------------[0m
2025-02-19 08:50:58,078 - IBAsyncBroker - INFO - 
[32m--------------------------------------------------------------------------------
disconnect(): Successfully disconnected from IBKR.
--------------------------------------------------------------------------------[0m
2025-02-19 21:56:31,608 - models_types_generator - INFO - 
[32m--------------------------------------------------------------------------------
Found class: CurrentPosition
--------------------------------------------------------------------------------[0m
2025-02-19 21:56:31,608 - models_types_generator - INFO - 
[32m--------------------------------------------------------------------------------
  Processing field: stock
--------------------------------------------------------------------------------[0m
2025-02-19 21:56:31,609 - models_types_generator - INFO - 
[32m--------------------------------------------------------------------------------
    Field type: str
--------------------------------------------------------------------------------[0m
2025-02-19 21:56:31,609 - models_types_generator - INFO - 
[32m--------------------------------------------------------------------------------
  Processing field: avg_price_bought
--------------------------------------------------------------------------------[0m
2025-02-19 21:56:31,609 - models_types_generator - INFO - 
[32m--------------------------------------------------------------------------------
    Field type: float
--------------------------------------------------------------------------------[0m
2025-02-19 21:56:31,609 - models_types_generator - INFO - 
[32m--------------------------------------------------------------------------------
  Processing field: current_price
--------------------------------------------------------------------------------[0m
2025-02-19 21:56:31,609 - models_types_generator - INFO - 
[32m--------------------------------------------------------------------------------
    Field type: float
--------------------------------------------------------------------------------[0m
2025-02-19 21:56:31,609 - models_types_generator - INFO - 
[32m--------------------------------------------------------------------------------
  Processing field: quantity
--------------------------------------------------------------------------------[0m
2025-02-19 21:56:31,609 - models_types_generator - INFO - 
[32m--------------------------------------------------------------------------------
    Field type: float
--------------------------------------------------------------------------------[0m
2025-02-19 21:56:31,609 - models_types_generator - INFO - 
[32m--------------------------------------------------------------------------------
  Processing field: stop_limit
--------------------------------------------------------------------------------[0m
2025-02-19 21:56:31,609 - models_types_generator - INFO - 
[32m--------------------------------------------------------------------------------
    Field type: float
--------------------------------------------------------------------------------[0m
2025-02-19 21:56:31,609 - models_types_generator - INFO - 
[32m--------------------------------------------------------------------------------
  Processing field: stop_limit_in_place
--------------------------------------------------------------------------------[0m
2025-02-19 21:56:31,609 - models_types_generator - INFO - 
[32m--------------------------------------------------------------------------------
    Field type: int
--------------------------------------------------------------------------------[0m
2025-02-19 21:56:31,609 - models_types_generator - INFO - 
[32m--------------------------------------------------------------------------------
  Processing field: strategy
--------------------------------------------------------------------------------[0m
2025-02-19 21:56:31,610 - models_types_generator - INFO - 
[32m--------------------------------------------------------------------------------
    Field type: str
--------------------------------------------------------------------------------[0m
2025-02-19 21:56:31,610 - models_types_generator - INFO - 
[32m--------------------------------------------------------------------------------
  Fields: {'stock': 'str', 'avg_price_bought': 'float', 'current_price': 'float', 'quantity': 'float', 'stop_limit': 'float', 'stop_limit_in_place': 'int', 'strategy': 'str'}
--------------------------------------------------------------------------------[0m
2025-02-19 21:56:31,610 - models_types_generator - INFO - 
[32m--------------------------------------------------------------------------------
Found class: TargetPosition
--------------------------------------------------------------------------------[0m
2025-02-19 21:56:31,610 - models_types_generator - INFO - 
[32m--------------------------------------------------------------------------------
  Processing field: stock
--------------------------------------------------------------------------------[0m
2025-02-19 21:56:31,610 - models_types_generator - INFO - 
[32m--------------------------------------------------------------------------------
    Field type: str
--------------------------------------------------------------------------------[0m
2025-02-19 21:56:31,610 - models_types_generator - INFO - 
[32m--------------------------------------------------------------------------------
  Processing field: avg_price_bought
--------------------------------------------------------------------------------[0m
2025-02-19 21:56:31,610 - models_types_generator - INFO - 
[32m--------------------------------------------------------------------------------
    Field type: float
--------------------------------------------------------------------------------[0m
2025-02-19 21:56:31,610 - models_types_generator - INFO - 
[32m--------------------------------------------------------------------------------
  Processing field: current_price
--------------------------------------------------------------------------------[0m
2025-02-19 21:56:31,610 - models_types_generator - INFO - 
[32m--------------------------------------------------------------------------------
    Field type: float
--------------------------------------------------------------------------------[0m
2025-02-19 21:56:31,610 - models_types_generator - INFO - 
[32m--------------------------------------------------------------------------------
  Processing field: quantity
--------------------------------------------------------------------------------[0m
2025-02-19 21:56:31,610 - models_types_generator - INFO - 
[32m--------------------------------------------------------------------------------
    Field type: float
--------------------------------------------------------------------------------[0m
2025-02-19 21:56:31,610 - models_types_generator - INFO - 
[32m--------------------------------------------------------------------------------
  Processing field: stop_limit
--------------------------------------------------------------------------------[0m
2025-02-19 21:56:31,610 - models_types_generator - INFO - 
[32m--------------------------------------------------------------------------------
    Field type: float
--------------------------------------------------------------------------------[0m
2025-02-19 21:56:31,610 - models_types_generator - INFO - 
[32m--------------------------------------------------------------------------------
  Processing field: strategy
--------------------------------------------------------------------------------[0m
2025-02-19 21:56:31,611 - models_types_generator - INFO - 
[32m--------------------------------------------------------------------------------
    Field type: str
--------------------------------------------------------------------------------[0m
2025-02-19 21:56:31,611 - models_types_generator - INFO - 
[32m--------------------------------------------------------------------------------
  Fields: {'stock': 'str', 'avg_price_bought': 'float', 'current_price': 'float', 'quantity': 'float', 'stop_limit': 'float', 'strategy': 'str'}
--------------------------------------------------------------------------------[0m
2025-02-19 21:56:31,611 - models_types_generator - INFO - 
[32m--------------------------------------------------------------------------------
Found class: OpenOrders
--------------------------------------------------------------------------------[0m
2025-02-19 21:56:31,611 - models_types_generator - INFO - 
[32m--------------------------------------------------------------------------------
  Processing field: order_id
--------------------------------------------------------------------------------[0m
2025-02-19 21:56:31,611 - models_types_generator - INFO - 
[32m--------------------------------------------------------------------------------
    Field type: int
--------------------------------------------------------------------------------[0m
2025-02-19 21:56:31,611 - models_types_generator - INFO - 
[32m--------------------------------------------------------------------------------
  Processing field: stock
--------------------------------------------------------------------------------[0m
2025-02-19 21:56:31,611 - models_types_generator - INFO - 
[32m--------------------------------------------------------------------------------
    Field type: str
--------------------------------------------------------------------------------[0m
2025-02-19 21:56:31,611 - models_types_generator - INFO - 
[32m--------------------------------------------------------------------------------
  Processing field: time
--------------------------------------------------------------------------------[0m
2025-02-19 21:56:31,611 - models_types_generator - INFO - 
[32m--------------------------------------------------------------------------------
    Field type: datetime.datetime
--------------------------------------------------------------------------------[0m
2025-02-19 21:56:31,611 - models_types_generator - INFO - 
[32m--------------------------------------------------------------------------------
  Processing field: price_transacted
--------------------------------------------------------------------------------[0m
2025-02-19 21:56:31,611 - models_types_generator - INFO - 
[32m--------------------------------------------------------------------------------
    Field type: float
--------------------------------------------------------------------------------[0m
2025-02-19 21:56:31,611 - models_types_generator - INFO - 
[32m--------------------------------------------------------------------------------
  Processing field: fees
--------------------------------------------------------------------------------[0m
2025-02-19 21:56:31,611 - models_types_generator - INFO - 
[32m--------------------------------------------------------------------------------
    Field type: float
--------------------------------------------------------------------------------[0m
2025-02-19 21:56:31,611 - models_types_generator - INFO - 
[32m--------------------------------------------------------------------------------
  Processing field: quantity
--------------------------------------------------------------------------------[0m
2025-02-19 21:56:31,612 - models_types_generator - INFO - 
[32m--------------------------------------------------------------------------------
    Field type: float
--------------------------------------------------------------------------------[0m
2025-02-19 21:56:31,612 - models_types_generator - INFO - 
[32m--------------------------------------------------------------------------------
  Processing field: strategy
--------------------------------------------------------------------------------[0m
2025-02-19 21:56:31,612 - models_types_generator - INFO - 
[32m--------------------------------------------------------------------------------
    Field type: str
--------------------------------------------------------------------------------[0m
2025-02-19 21:56:31,612 - models_types_generator - INFO - 
[32m--------------------------------------------------------------------------------
  Fields: {'order_id': 'int', 'stock': 'str', 'time': 'datetime.datetime', 'price_transacted': 'float', 'fees': 'float', 'quantity': 'float', 'strategy': 'str'}
--------------------------------------------------------------------------------[0m
2025-02-19 21:56:31,612 - models_types_generator - INFO - 
[32m--------------------------------------------------------------------------------
Found class: Transaction
--------------------------------------------------------------------------------[0m
2025-02-19 21:56:31,612 - models_types_generator - INFO - 
[32m--------------------------------------------------------------------------------
  Processing field: stock
--------------------------------------------------------------------------------[0m
2025-02-19 21:56:31,612 - models_types_generator - INFO - 
[32m--------------------------------------------------------------------------------
    Field type: str
--------------------------------------------------------------------------------[0m
2025-02-19 21:56:31,612 - models_types_generator - INFO - 
[32m--------------------------------------------------------------------------------
  Processing field: time
--------------------------------------------------------------------------------[0m
2025-02-19 21:56:31,612 - models_types_generator - INFO - 
[32m--------------------------------------------------------------------------------
    Field type: datetime.datetime
--------------------------------------------------------------------------------[0m
2025-02-19 21:56:31,612 - models_types_generator - INFO - 
[32m--------------------------------------------------------------------------------
  Processing field: price_transacted
--------------------------------------------------------------------------------[0m
2025-02-19 21:56:31,612 - models_types_generator - INFO - 
[32m--------------------------------------------------------------------------------
    Field type: float
--------------------------------------------------------------------------------[0m
2025-02-19 21:56:31,612 - models_types_generator - INFO - 
[32m--------------------------------------------------------------------------------
  Processing field: fees
--------------------------------------------------------------------------------[0m
2025-02-19 21:56:31,612 - models_types_generator - INFO - 
[32m--------------------------------------------------------------------------------
    Field type: float
--------------------------------------------------------------------------------[0m
2025-02-19 21:56:31,612 - models_types_generator - INFO - 
[32m--------------------------------------------------------------------------------
  Processing field: quantity
--------------------------------------------------------------------------------[0m
2025-02-19 21:56:31,612 - models_types_generator - INFO - 
[32m--------------------------------------------------------------------------------
    Field type: float
--------------------------------------------------------------------------------[0m
2025-02-19 21:56:31,613 - models_types_generator - INFO - 
[32m--------------------------------------------------------------------------------
  Processing field: strategy
--------------------------------------------------------------------------------[0m
2025-02-19 21:56:31,613 - models_types_generator - INFO - 
[32m--------------------------------------------------------------------------------
    Field type: str
--------------------------------------------------------------------------------[0m
2025-02-19 21:56:31,613 - models_types_generator - INFO - 
[32m--------------------------------------------------------------------------------
  Fields: {'stock': 'str', 'time': 'datetime.datetime', 'price_transacted': 'float', 'fees': 'float', 'quantity': 'float', 'strategy': 'str'}
--------------------------------------------------------------------------------[0m
2025-02-19 21:56:31,613 - models_types_generator - INFO - 
[32m--------------------------------------------------------------------------------
Found class: HistoricalData
--------------------------------------------------------------------------------[0m
2025-02-19 21:56:31,613 - models_types_generator - INFO - 
[32m--------------------------------------------------------------------------------
  Processing field: stock
--------------------------------------------------------------------------------[0m
2025-02-19 21:56:31,613 - models_types_generator - INFO - 
[32m--------------------------------------------------------------------------------
    Field type: str
--------------------------------------------------------------------------------[0m
2025-02-19 21:56:31,613 - models_types_generator - INFO - 
[32m--------------------------------------------------------------------------------
  Processing field: time
--------------------------------------------------------------------------------[0m
2025-02-19 21:56:31,613 - models_types_generator - INFO - 
[32m--------------------------------------------------------------------------------
    Field type: datetime.datetime
--------------------------------------------------------------------------------[0m
2025-02-19 21:56:31,613 - models_types_generator - INFO - 
[32m--------------------------------------------------------------------------------
  Processing field: open
--------------------------------------------------------------------------------[0m
2025-02-19 21:56:31,613 - models_types_generator - INFO - 
[32m--------------------------------------------------------------------------------
    Field type: float
--------------------------------------------------------------------------------[0m
2025-02-19 21:56:31,613 - models_types_generator - INFO - 
[32m--------------------------------------------------------------------------------
  Processing field: high
--------------------------------------------------------------------------------[0m
2025-02-19 21:56:31,613 - models_types_generator - INFO - 
[32m--------------------------------------------------------------------------------
    Field type: float
--------------------------------------------------------------------------------[0m
2025-02-19 21:56:31,613 - models_types_generator - INFO - 
[32m--------------------------------------------------------------------------------
  Processing field: low
--------------------------------------------------------------------------------[0m
2025-02-19 21:56:31,613 - models_types_generator - INFO - 
[32m--------------------------------------------------------------------------------
    Field type: float
--------------------------------------------------------------------------------[0m
2025-02-19 21:56:31,613 - models_types_generator - INFO - 
[32m--------------------------------------------------------------------------------
  Processing field: close
--------------------------------------------------------------------------------[0m
2025-02-19 21:56:31,614 - models_types_generator - INFO - 
[32m--------------------------------------------------------------------------------
    Field type: float
--------------------------------------------------------------------------------[0m
2025-02-19 21:56:31,614 - models_types_generator - INFO - 
[32m--------------------------------------------------------------------------------
  Processing field: volume
--------------------------------------------------------------------------------[0m
2025-02-19 21:56:31,614 - models_types_generator - INFO - 
[32m--------------------------------------------------------------------------------
    Field type: int
--------------------------------------------------------------------------------[0m
2025-02-19 21:56:31,614 - models_types_generator - INFO - 
[32m--------------------------------------------------------------------------------
  Fields: {'stock': 'str', 'time': 'datetime.datetime', 'open': 'float', 'high': 'float', 'low': 'float', 'close': 'float', 'volume': 'int'}
--------------------------------------------------------------------------------[0m
2025-02-19 21:56:31,621 - init_db() - INFO - 
[32m--------------------------------------------------------------------------------
Database initialization complete.
--------------------------------------------------------------------------------[0m
2025-02-19 21:56:31,628 - IBC - INFO - 
[32m--------------------------------------------------------------------------------
IBC LOGS START
--------------------------------------------------------------------------------[0m
2025-02-19 21:57:16,812 - IBC - INFO - 
[32m--------------------------------------------------------------------------------
IBC LOGS END - IBKR started
--------------------------------------------------------------------------------[0m
2025-02-19 21:57:17,560 - IBAsyncBroker - INFO - 
[32m--------------------------------------------------------------------------------
connect(): Successfully connected to IBKR.
--------------------------------------------------------------------------------[0m
2025-02-19 21:57:22,843 - IBAsyncBroker - ERROR - 
[31m--------------------------------------------------------------------------------
reqMktData() in get_current_price() timed out - no data for ticker: SPY
--------------------------------------------------------------------------------[0m
2025-02-19 21:57:27,944 - IBAsyncBroker - ERROR - 
[31m--------------------------------------------------------------------------------
reqMktData() in get_current_price() timed out - no data for ticker: SPY
--------------------------------------------------------------------------------[0m
2025-02-19 21:57:34,343 - IBAsyncBroker - ERROR - 
[31m--------------------------------------------------------------------------------
reqMktData() in get_current_price() timed out - no data for ticker: SPY
--------------------------------------------------------------------------------[0m
2025-02-19 21:57:34,493 - IBAsyncBroker - INFO - 
[32m--------------------------------------------------------------------------------
New order placed: 527
--------------------------------------------------------------------------------[0m
2025-02-19 21:57:34,588 - IBAsyncBroker - INFO - 
[32m--------------------------------------------------------------------------------
Order submitted: 527 for SPY
--------------------------------------------------------------------------------[0m
2025-02-19 22:27:34,589 - IBAsyncBroker - INFO - 
[32m--------------------------------------------------------------------------------
disconnect(): Successfully disconnected from IBKR.
--------------------------------------------------------------------------------[0m
2025-02-19 22:27:34,603 - send_command_to_ibc() - INFO - 
[32m--------------------------------------------------------------------------------
Response: OK Shutting down: STOP command

--------------------------------------------------------------------------------[0m
