2025-02-27 21:55:08,915 - models_types_generator - INFO - 
[32m--------------------------------------------------------------------------------
Found class: CurrentPosition
--------------------------------------------------------------------------------[0m
2025-02-27 21:55:08,916 - models_types_generator - INFO - 
[32m--------------------------------------------------------------------------------
  Processing field: stock
--------------------------------------------------------------------------------[0m
2025-02-27 21:55:08,916 - models_types_generator - INFO - 
[32m--------------------------------------------------------------------------------
    Field type: str
--------------------------------------------------------------------------------[0m
2025-02-27 21:55:08,916 - models_types_generator - INFO - 
[32m--------------------------------------------------------------------------------
  Processing field: avg_price_bought
--------------------------------------------------------------------------------[0m
2025-02-27 21:55:08,916 - models_types_generator - INFO - 
[32m--------------------------------------------------------------------------------
    Field type: float
--------------------------------------------------------------------------------[0m
2025-02-27 21:55:08,916 - models_types_generator - INFO - 
[32m--------------------------------------------------------------------------------
  Processing field: current_price
--------------------------------------------------------------------------------[0m
2025-02-27 21:55:08,916 - models_types_generator - INFO - 
[32m--------------------------------------------------------------------------------
    Field type: float
--------------------------------------------------------------------------------[0m
2025-02-27 21:55:08,916 - models_types_generator - INFO - 
[32m--------------------------------------------------------------------------------
  Processing field: quantity
--------------------------------------------------------------------------------[0m
2025-02-27 21:55:08,916 - models_types_generator - INFO - 
[32m--------------------------------------------------------------------------------
    Field type: float
--------------------------------------------------------------------------------[0m
2025-02-27 21:55:08,916 - models_types_generator - INFO - 
[32m--------------------------------------------------------------------------------
  Processing field: stop_limit
--------------------------------------------------------------------------------[0m
2025-02-27 21:55:08,916 - models_types_generator - INFO - 
[32m--------------------------------------------------------------------------------
    Field type: float
--------------------------------------------------------------------------------[0m
2025-02-27 21:55:08,916 - models_types_generator - INFO - 
[32m--------------------------------------------------------------------------------
  Processing field: stop_limit_in_place
--------------------------------------------------------------------------------[0m
2025-02-27 21:55:08,916 - models_types_generator - INFO - 
[32m--------------------------------------------------------------------------------
    Field type: int
--------------------------------------------------------------------------------[0m
2025-02-27 21:55:08,916 - models_types_generator - INFO - 
[32m--------------------------------------------------------------------------------
  Processing field: strategy
--------------------------------------------------------------------------------[0m
2025-02-27 21:55:08,916 - models_types_generator - INFO - 
[32m--------------------------------------------------------------------------------
    Field type: str
--------------------------------------------------------------------------------[0m
2025-02-27 21:55:08,916 - models_types_generator - INFO - 
[32m--------------------------------------------------------------------------------
  Fields: {'stock': 'str', 'avg_price_bought': 'float', 'current_price': 'float', 'quantity': 'float', 'stop_limit': 'float', 'stop_limit_in_place': 'int', 'strategy': 'str'}
--------------------------------------------------------------------------------[0m
2025-02-27 21:55:08,916 - models_types_generator - INFO - 
[32m--------------------------------------------------------------------------------
Found class: TargetPosition
--------------------------------------------------------------------------------[0m
2025-02-27 21:55:08,917 - models_types_generator - INFO - 
[32m--------------------------------------------------------------------------------
  Processing field: stock
--------------------------------------------------------------------------------[0m
2025-02-27 21:55:08,917 - models_types_generator - INFO - 
[32m--------------------------------------------------------------------------------
    Field type: str
--------------------------------------------------------------------------------[0m
2025-02-27 21:55:08,917 - models_types_generator - INFO - 
[32m--------------------------------------------------------------------------------
  Processing field: avg_price_bought
--------------------------------------------------------------------------------[0m
2025-02-27 21:55:08,917 - models_types_generator - INFO - 
[32m--------------------------------------------------------------------------------
    Field type: float
--------------------------------------------------------------------------------[0m
2025-02-27 21:55:08,917 - models_types_generator - INFO - 
[32m--------------------------------------------------------------------------------
  Processing field: current_price
--------------------------------------------------------------------------------[0m
2025-02-27 21:55:08,917 - models_types_generator - INFO - 
[32m--------------------------------------------------------------------------------
    Field type: float
--------------------------------------------------------------------------------[0m
2025-02-27 21:55:08,917 - models_types_generator - INFO - 
[32m--------------------------------------------------------------------------------
  Processing field: quantity
--------------------------------------------------------------------------------[0m
2025-02-27 21:55:08,917 - models_types_generator - INFO - 
[32m--------------------------------------------------------------------------------
    Field type: float
--------------------------------------------------------------------------------[0m
2025-02-27 21:55:08,917 - models_types_generator - INFO - 
[32m--------------------------------------------------------------------------------
  Processing field: stop_limit
--------------------------------------------------------------------------------[0m
2025-02-27 21:55:08,917 - models_types_generator - INFO - 
[32m--------------------------------------------------------------------------------
    Field type: float
--------------------------------------------------------------------------------[0m
2025-02-27 21:55:08,917 - models_types_generator - INFO - 
[32m--------------------------------------------------------------------------------
  Processing field: strategy
--------------------------------------------------------------------------------[0m
2025-02-27 21:55:08,918 - models_types_generator - INFO - 
[32m--------------------------------------------------------------------------------
    Field type: str
--------------------------------------------------------------------------------[0m
2025-02-27 21:55:08,918 - models_types_generator - INFO - 
[32m--------------------------------------------------------------------------------
  Fields: {'stock': 'str', 'avg_price_bought': 'float', 'current_price': 'float', 'quantity': 'float', 'stop_limit': 'float', 'strategy': 'str'}
--------------------------------------------------------------------------------[0m
2025-02-27 21:55:08,918 - models_types_generator - INFO - 
[32m--------------------------------------------------------------------------------
Found class: OpenOrders
--------------------------------------------------------------------------------[0m
2025-02-27 21:55:08,918 - models_types_generator - INFO - 
[32m--------------------------------------------------------------------------------
  Processing field: order_id
--------------------------------------------------------------------------------[0m
2025-02-27 21:55:08,918 - models_types_generator - INFO - 
[32m--------------------------------------------------------------------------------
    Field type: int
--------------------------------------------------------------------------------[0m
2025-02-27 21:55:08,918 - models_types_generator - INFO - 
[32m--------------------------------------------------------------------------------
  Processing field: stock
--------------------------------------------------------------------------------[0m
2025-02-27 21:55:08,918 - models_types_generator - INFO - 
[32m--------------------------------------------------------------------------------
    Field type: str
--------------------------------------------------------------------------------[0m
2025-02-27 21:55:08,918 - models_types_generator - INFO - 
[32m--------------------------------------------------------------------------------
  Processing field: time
--------------------------------------------------------------------------------[0m
2025-02-27 21:55:08,918 - models_types_generator - INFO - 
[32m--------------------------------------------------------------------------------
    Field type: datetime.datetime
--------------------------------------------------------------------------------[0m
2025-02-27 21:55:08,918 - models_types_generator - INFO - 
[32m--------------------------------------------------------------------------------
  Processing field: price_transacted
--------------------------------------------------------------------------------[0m
2025-02-27 21:55:08,918 - models_types_generator - INFO - 
[32m--------------------------------------------------------------------------------
    Field type: float
--------------------------------------------------------------------------------[0m
2025-02-27 21:55:08,918 - models_types_generator - INFO - 
[32m--------------------------------------------------------------------------------
  Processing field: fees
--------------------------------------------------------------------------------[0m
2025-02-27 21:55:08,919 - models_types_generator - INFO - 
[32m--------------------------------------------------------------------------------
    Field type: float
--------------------------------------------------------------------------------[0m
2025-02-27 21:55:08,919 - models_types_generator - INFO - 
[32m--------------------------------------------------------------------------------
  Processing field: quantity
--------------------------------------------------------------------------------[0m
2025-02-27 21:55:08,919 - models_types_generator - INFO - 
[32m--------------------------------------------------------------------------------
    Field type: float
--------------------------------------------------------------------------------[0m
2025-02-27 21:55:08,919 - models_types_generator - INFO - 
[32m--------------------------------------------------------------------------------
  Processing field: strategy
--------------------------------------------------------------------------------[0m
2025-02-27 21:55:08,919 - models_types_generator - INFO - 
[32m--------------------------------------------------------------------------------
    Field type: str
--------------------------------------------------------------------------------[0m
2025-02-27 21:55:08,919 - models_types_generator - INFO - 
[32m--------------------------------------------------------------------------------
  Fields: {'order_id': 'int', 'stock': 'str', 'time': 'datetime.datetime', 'price_transacted': 'float', 'fees': 'float', 'quantity': 'float', 'strategy': 'str'}
--------------------------------------------------------------------------------[0m
2025-02-27 21:55:08,919 - models_types_generator - INFO - 
[32m--------------------------------------------------------------------------------
Found class: Transaction
--------------------------------------------------------------------------------[0m
2025-02-27 21:55:08,919 - models_types_generator - INFO - 
[32m--------------------------------------------------------------------------------
  Processing field: stock
--------------------------------------------------------------------------------[0m
2025-02-27 21:55:08,919 - models_types_generator - INFO - 
[32m--------------------------------------------------------------------------------
    Field type: str
--------------------------------------------------------------------------------[0m
2025-02-27 21:55:08,919 - models_types_generator - INFO - 
[32m--------------------------------------------------------------------------------
  Processing field: time
--------------------------------------------------------------------------------[0m
2025-02-27 21:55:08,919 - models_types_generator - INFO - 
[32m--------------------------------------------------------------------------------
    Field type: datetime.datetime
--------------------------------------------------------------------------------[0m
2025-02-27 21:55:08,920 - models_types_generator - INFO - 
[32m--------------------------------------------------------------------------------
  Processing field: price_transacted
--------------------------------------------------------------------------------[0m
2025-02-27 21:55:08,920 - models_types_generator - INFO - 
[32m--------------------------------------------------------------------------------
    Field type: float
--------------------------------------------------------------------------------[0m
2025-02-27 21:55:08,920 - models_types_generator - INFO - 
[32m--------------------------------------------------------------------------------
  Processing field: fees
--------------------------------------------------------------------------------[0m
2025-02-27 21:55:08,920 - models_types_generator - INFO - 
[32m--------------------------------------------------------------------------------
    Field type: float
--------------------------------------------------------------------------------[0m
2025-02-27 21:55:08,920 - models_types_generator - INFO - 
[32m--------------------------------------------------------------------------------
  Processing field: quantity
--------------------------------------------------------------------------------[0m
2025-02-27 21:55:08,920 - models_types_generator - INFO - 
[32m--------------------------------------------------------------------------------
    Field type: float
--------------------------------------------------------------------------------[0m
2025-02-27 21:55:08,920 - models_types_generator - INFO - 
[32m--------------------------------------------------------------------------------
  Processing field: strategy
--------------------------------------------------------------------------------[0m
2025-02-27 21:55:08,920 - models_types_generator - INFO - 
[32m--------------------------------------------------------------------------------
    Field type: str
--------------------------------------------------------------------------------[0m
2025-02-27 21:55:08,920 - models_types_generator - INFO - 
[32m--------------------------------------------------------------------------------
  Fields: {'stock': 'str', 'time': 'datetime.datetime', 'price_transacted': 'float', 'fees': 'float', 'quantity': 'float', 'strategy': 'str'}
--------------------------------------------------------------------------------[0m
2025-02-27 21:55:08,920 - models_types_generator - INFO - 
[32m--------------------------------------------------------------------------------
Found class: HistoricalData
--------------------------------------------------------------------------------[0m
2025-02-27 21:55:08,920 - models_types_generator - INFO - 
[32m--------------------------------------------------------------------------------
  Processing field: stock
--------------------------------------------------------------------------------[0m
2025-02-27 21:55:08,921 - models_types_generator - INFO - 
[32m--------------------------------------------------------------------------------
    Field type: str
--------------------------------------------------------------------------------[0m
2025-02-27 21:55:08,921 - models_types_generator - INFO - 
[32m--------------------------------------------------------------------------------
  Processing field: time
--------------------------------------------------------------------------------[0m
2025-02-27 21:55:08,921 - models_types_generator - INFO - 
[32m--------------------------------------------------------------------------------
    Field type: datetime.datetime
--------------------------------------------------------------------------------[0m
2025-02-27 21:55:08,921 - models_types_generator - INFO - 
[32m--------------------------------------------------------------------------------
  Processing field: open
--------------------------------------------------------------------------------[0m
2025-02-27 21:55:08,921 - models_types_generator - INFO - 
[32m--------------------------------------------------------------------------------
    Field type: float
--------------------------------------------------------------------------------[0m
2025-02-27 21:55:08,921 - models_types_generator - INFO - 
[32m--------------------------------------------------------------------------------
  Processing field: high
--------------------------------------------------------------------------------[0m
2025-02-27 21:55:08,921 - models_types_generator - INFO - 
[32m--------------------------------------------------------------------------------
    Field type: float
--------------------------------------------------------------------------------[0m
2025-02-27 21:55:08,921 - models_types_generator - INFO - 
[32m--------------------------------------------------------------------------------
  Processing field: low
--------------------------------------------------------------------------------[0m
2025-02-27 21:55:08,921 - models_types_generator - INFO - 
[32m--------------------------------------------------------------------------------
    Field type: float
--------------------------------------------------------------------------------[0m
2025-02-27 21:55:08,921 - models_types_generator - INFO - 
[32m--------------------------------------------------------------------------------
  Processing field: close
--------------------------------------------------------------------------------[0m
2025-02-27 21:55:08,921 - models_types_generator - INFO - 
[32m--------------------------------------------------------------------------------
    Field type: float
--------------------------------------------------------------------------------[0m
2025-02-27 21:55:08,921 - models_types_generator - INFO - 
[32m--------------------------------------------------------------------------------
  Processing field: volume
--------------------------------------------------------------------------------[0m
2025-02-27 21:55:08,922 - models_types_generator - INFO - 
[32m--------------------------------------------------------------------------------
    Field type: int
--------------------------------------------------------------------------------[0m
2025-02-27 21:55:08,922 - models_types_generator - INFO - 
[32m--------------------------------------------------------------------------------
  Fields: {'stock': 'str', 'time': 'datetime.datetime', 'open': 'float', 'high': 'float', 'low': 'float', 'close': 'float', 'volume': 'int'}
--------------------------------------------------------------------------------[0m
2025-02-27 21:55:08,928 - init_db() - INFO - 
[32m--------------------------------------------------------------------------------
Database initialization complete.
--------------------------------------------------------------------------------[0m
2025-02-27 21:55:08,935 - IBC - INFO - 
[32m--------------------------------------------------------------------------------
IBC LOGS START
--------------------------------------------------------------------------------[0m
2025-02-27 21:55:32,906 - IBC - INFO - 
[32m--------------------------------------------------------------------------------
IBC LOGS END - IBKR started
--------------------------------------------------------------------------------[0m
2025-02-27 21:55:33,578 - IBAsyncBroker - INFO - 
[32m--------------------------------------------------------------------------------
connect(): Successfully connected to IBKR.
--------------------------------------------------------------------------------[0m
2025-02-27 21:55:34,368 - IBAsyncBroker - INFO - 
[32m--------------------------------------------------------------------------------
New order placed: 527
--------------------------------------------------------------------------------[0m
2025-02-27 21:55:34,464 - IBAsyncBroker - INFO - 
[32m--------------------------------------------------------------------------------
Order submitted: 527 for SPY
--------------------------------------------------------------------------------[0m
2025-02-27 22:25:34,459 - IBAsyncBroker - INFO - 
[32m--------------------------------------------------------------------------------
disconnect(): Successfully disconnected from IBKR.
--------------------------------------------------------------------------------[0m
2025-02-27 22:25:34,472 - send_command_to_ibc() - INFO - 
[32m--------------------------------------------------------------------------------
Response: OK Shutting down: STOP command

--------------------------------------------------------------------------------[0m
