2025-02-14 22:11:10,544 - models_types_generator - INFO - 
[32m--------------------------------------------------------------------------------
Found class: CurrentPosition
--------------------------------------------------------------------------------[0m
2025-02-14 22:11:10,545 - models_types_generator - INFO - 
[32m--------------------------------------------------------------------------------
  Processing field: stock
--------------------------------------------------------------------------------[0m
2025-02-14 22:11:10,545 - models_types_generator - INFO - 
[32m--------------------------------------------------------------------------------
    Field type: str
--------------------------------------------------------------------------------[0m
2025-02-14 22:11:10,545 - models_types_generator - INFO - 
[32m--------------------------------------------------------------------------------
  Processing field: avg_price_bought
--------------------------------------------------------------------------------[0m
2025-02-14 22:11:10,545 - models_types_generator - INFO - 
[32m--------------------------------------------------------------------------------
    Field type: float
--------------------------------------------------------------------------------[0m
2025-02-14 22:11:10,545 - models_types_generator - INFO - 
[32m--------------------------------------------------------------------------------
  Processing field: current_price
--------------------------------------------------------------------------------[0m
2025-02-14 22:11:10,545 - models_types_generator - INFO - 
[32m--------------------------------------------------------------------------------
    Field type: float
--------------------------------------------------------------------------------[0m
2025-02-14 22:11:10,545 - models_types_generator - INFO - 
[32m--------------------------------------------------------------------------------
  Processing field: quantity
--------------------------------------------------------------------------------[0m
2025-02-14 22:11:10,545 - models_types_generator - INFO - 
[32m--------------------------------------------------------------------------------
    Field type: float
--------------------------------------------------------------------------------[0m
2025-02-14 22:11:10,545 - models_types_generator - INFO - 
[32m--------------------------------------------------------------------------------
  Processing field: stop_limit
--------------------------------------------------------------------------------[0m
2025-02-14 22:11:10,545 - models_types_generator - INFO - 
[32m--------------------------------------------------------------------------------
    Field type: float
--------------------------------------------------------------------------------[0m
2025-02-14 22:11:10,545 - models_types_generator - INFO - 
[32m--------------------------------------------------------------------------------
  Processing field: stop_limit_in_place
--------------------------------------------------------------------------------[0m
2025-02-14 22:11:10,545 - models_types_generator - INFO - 
[32m--------------------------------------------------------------------------------
    Field type: int
--------------------------------------------------------------------------------[0m
2025-02-14 22:11:10,545 - models_types_generator - INFO - 
[32m--------------------------------------------------------------------------------
  Processing field: strategy
--------------------------------------------------------------------------------[0m
2025-02-14 22:11:10,545 - models_types_generator - INFO - 
[32m--------------------------------------------------------------------------------
    Field type: str
--------------------------------------------------------------------------------[0m
2025-02-14 22:11:10,545 - models_types_generator - INFO - 
[32m--------------------------------------------------------------------------------
  Fields: {'stock': 'str', 'avg_price_bought': 'float', 'current_price': 'float', 'quantity': 'float', 'stop_limit': 'float', 'stop_limit_in_place': 'int', 'strategy': 'str'}
--------------------------------------------------------------------------------[0m
2025-02-14 22:11:10,545 - models_types_generator - INFO - 
[32m--------------------------------------------------------------------------------
Found class: TargetPosition
--------------------------------------------------------------------------------[0m
2025-02-14 22:11:10,545 - models_types_generator - INFO - 
[32m--------------------------------------------------------------------------------
  Processing field: stock
--------------------------------------------------------------------------------[0m
2025-02-14 22:11:10,545 - models_types_generator - INFO - 
[32m--------------------------------------------------------------------------------
    Field type: str
--------------------------------------------------------------------------------[0m
2025-02-14 22:11:10,545 - models_types_generator - INFO - 
[32m--------------------------------------------------------------------------------
  Processing field: avg_price_bought
--------------------------------------------------------------------------------[0m
2025-02-14 22:11:10,545 - models_types_generator - INFO - 
[32m--------------------------------------------------------------------------------
    Field type: float
--------------------------------------------------------------------------------[0m
2025-02-14 22:11:10,545 - models_types_generator - INFO - 
[32m--------------------------------------------------------------------------------
  Processing field: current_price
--------------------------------------------------------------------------------[0m
2025-02-14 22:11:10,545 - models_types_generator - INFO - 
[32m--------------------------------------------------------------------------------
    Field type: float
--------------------------------------------------------------------------------[0m
2025-02-14 22:11:10,545 - models_types_generator - INFO - 
[32m--------------------------------------------------------------------------------
  Processing field: quantity
--------------------------------------------------------------------------------[0m
2025-02-14 22:11:10,545 - models_types_generator - INFO - 
[32m--------------------------------------------------------------------------------
    Field type: float
--------------------------------------------------------------------------------[0m
2025-02-14 22:11:10,546 - models_types_generator - INFO - 
[32m--------------------------------------------------------------------------------
  Processing field: stop_limit
--------------------------------------------------------------------------------[0m
2025-02-14 22:11:10,546 - models_types_generator - INFO - 
[32m--------------------------------------------------------------------------------
    Field type: float
--------------------------------------------------------------------------------[0m
2025-02-14 22:11:10,546 - models_types_generator - INFO - 
[32m--------------------------------------------------------------------------------
  Processing field: strategy
--------------------------------------------------------------------------------[0m
2025-02-14 22:11:10,546 - models_types_generator - INFO - 
[32m--------------------------------------------------------------------------------
    Field type: str
--------------------------------------------------------------------------------[0m
2025-02-14 22:11:10,546 - models_types_generator - INFO - 
[32m--------------------------------------------------------------------------------
  Fields: {'stock': 'str', 'avg_price_bought': 'float', 'current_price': 'float', 'quantity': 'float', 'stop_limit': 'float', 'strategy': 'str'}
--------------------------------------------------------------------------------[0m
2025-02-14 22:11:10,546 - models_types_generator - INFO - 
[32m--------------------------------------------------------------------------------
Found class: OpenOrders
--------------------------------------------------------------------------------[0m
2025-02-14 22:11:10,546 - models_types_generator - INFO - 
[32m--------------------------------------------------------------------------------
  Processing field: order_id
--------------------------------------------------------------------------------[0m
2025-02-14 22:11:10,546 - models_types_generator - INFO - 
[32m--------------------------------------------------------------------------------
    Field type: int
--------------------------------------------------------------------------------[0m
2025-02-14 22:11:10,546 - models_types_generator - INFO - 
[32m--------------------------------------------------------------------------------
  Processing field: stock
--------------------------------------------------------------------------------[0m
2025-02-14 22:11:10,546 - models_types_generator - INFO - 
[32m--------------------------------------------------------------------------------
    Field type: str
--------------------------------------------------------------------------------[0m
2025-02-14 22:11:10,546 - models_types_generator - INFO - 
[32m--------------------------------------------------------------------------------
  Processing field: time
--------------------------------------------------------------------------------[0m
2025-02-14 22:11:10,546 - models_types_generator - INFO - 
[32m--------------------------------------------------------------------------------
    Field type: datetime.datetime
--------------------------------------------------------------------------------[0m
2025-02-14 22:11:10,546 - models_types_generator - INFO - 
[32m--------------------------------------------------------------------------------
  Processing field: price_transacted
--------------------------------------------------------------------------------[0m
2025-02-14 22:11:10,546 - models_types_generator - INFO - 
[32m--------------------------------------------------------------------------------
    Field type: float
--------------------------------------------------------------------------------[0m
2025-02-14 22:11:10,546 - models_types_generator - INFO - 
[32m--------------------------------------------------------------------------------
  Processing field: fees
--------------------------------------------------------------------------------[0m
2025-02-14 22:11:10,546 - models_types_generator - INFO - 
[32m--------------------------------------------------------------------------------
    Field type: float
--------------------------------------------------------------------------------[0m
2025-02-14 22:11:10,546 - models_types_generator - INFO - 
[32m--------------------------------------------------------------------------------
  Processing field: quantity
--------------------------------------------------------------------------------[0m
2025-02-14 22:11:10,546 - models_types_generator - INFO - 
[32m--------------------------------------------------------------------------------
    Field type: float
--------------------------------------------------------------------------------[0m
2025-02-14 22:11:10,546 - models_types_generator - INFO - 
[32m--------------------------------------------------------------------------------
  Processing field: strategy
--------------------------------------------------------------------------------[0m
2025-02-14 22:11:10,546 - models_types_generator - INFO - 
[32m--------------------------------------------------------------------------------
    Field type: str
--------------------------------------------------------------------------------[0m
2025-02-14 22:11:10,546 - models_types_generator - INFO - 
[32m--------------------------------------------------------------------------------
  Fields: {'order_id': 'int', 'stock': 'str', 'time': 'datetime.datetime', 'price_transacted': 'float', 'fees': 'float', 'quantity': 'float', 'strategy': 'str'}
--------------------------------------------------------------------------------[0m
2025-02-14 22:11:10,546 - models_types_generator - INFO - 
[32m--------------------------------------------------------------------------------
Found class: Transaction
--------------------------------------------------------------------------------[0m
2025-02-14 22:11:10,546 - models_types_generator - INFO - 
[32m--------------------------------------------------------------------------------
  Processing field: stock
--------------------------------------------------------------------------------[0m
2025-02-14 22:11:10,546 - models_types_generator - INFO - 
[32m--------------------------------------------------------------------------------
    Field type: str
--------------------------------------------------------------------------------[0m
2025-02-14 22:11:10,546 - models_types_generator - INFO - 
[32m--------------------------------------------------------------------------------
  Processing field: time
--------------------------------------------------------------------------------[0m
2025-02-14 22:11:10,546 - models_types_generator - INFO - 
[32m--------------------------------------------------------------------------------
    Field type: datetime.datetime
--------------------------------------------------------------------------------[0m
2025-02-14 22:11:10,546 - models_types_generator - INFO - 
[32m--------------------------------------------------------------------------------
  Processing field: price_transacted
--------------------------------------------------------------------------------[0m
2025-02-14 22:11:10,546 - models_types_generator - INFO - 
[32m--------------------------------------------------------------------------------
    Field type: float
--------------------------------------------------------------------------------[0m
2025-02-14 22:11:10,546 - models_types_generator - INFO - 
[32m--------------------------------------------------------------------------------
  Processing field: fees
--------------------------------------------------------------------------------[0m
2025-02-14 22:11:10,546 - models_types_generator - INFO - 
[32m--------------------------------------------------------------------------------
    Field type: float
--------------------------------------------------------------------------------[0m
2025-02-14 22:11:10,547 - models_types_generator - INFO - 
[32m--------------------------------------------------------------------------------
  Processing field: quantity
--------------------------------------------------------------------------------[0m
2025-02-14 22:11:10,547 - models_types_generator - INFO - 
[32m--------------------------------------------------------------------------------
    Field type: float
--------------------------------------------------------------------------------[0m
2025-02-14 22:11:10,547 - models_types_generator - INFO - 
[32m--------------------------------------------------------------------------------
  Processing field: strategy
--------------------------------------------------------------------------------[0m
2025-02-14 22:11:10,547 - models_types_generator - INFO - 
[32m--------------------------------------------------------------------------------
    Field type: str
--------------------------------------------------------------------------------[0m
2025-02-14 22:11:10,547 - models_types_generator - INFO - 
[32m--------------------------------------------------------------------------------
  Fields: {'stock': 'str', 'time': 'datetime.datetime', 'price_transacted': 'float', 'fees': 'float', 'quantity': 'float', 'strategy': 'str'}
--------------------------------------------------------------------------------[0m
2025-02-14 22:11:10,547 - models_types_generator - INFO - 
[32m--------------------------------------------------------------------------------
Found class: HistoricalData
--------------------------------------------------------------------------------[0m
2025-02-14 22:11:10,547 - models_types_generator - INFO - 
[32m--------------------------------------------------------------------------------
  Processing field: stock
--------------------------------------------------------------------------------[0m
2025-02-14 22:11:10,547 - models_types_generator - INFO - 
[32m--------------------------------------------------------------------------------
    Field type: str
--------------------------------------------------------------------------------[0m
2025-02-14 22:11:10,547 - models_types_generator - INFO - 
[32m--------------------------------------------------------------------------------
  Processing field: time
--------------------------------------------------------------------------------[0m
2025-02-14 22:11:10,547 - models_types_generator - INFO - 
[32m--------------------------------------------------------------------------------
    Field type: datetime.datetime
--------------------------------------------------------------------------------[0m
2025-02-14 22:11:10,547 - models_types_generator - INFO - 
[32m--------------------------------------------------------------------------------
  Processing field: open
--------------------------------------------------------------------------------[0m
2025-02-14 22:11:10,547 - models_types_generator - INFO - 
[32m--------------------------------------------------------------------------------
    Field type: float
--------------------------------------------------------------------------------[0m
2025-02-14 22:11:10,547 - models_types_generator - INFO - 
[32m--------------------------------------------------------------------------------
  Processing field: high
--------------------------------------------------------------------------------[0m
2025-02-14 22:11:10,547 - models_types_generator - INFO - 
[32m--------------------------------------------------------------------------------
    Field type: float
--------------------------------------------------------------------------------[0m
2025-02-14 22:11:10,547 - models_types_generator - INFO - 
[32m--------------------------------------------------------------------------------
  Processing field: low
--------------------------------------------------------------------------------[0m
2025-02-14 22:11:10,547 - models_types_generator - INFO - 
[32m--------------------------------------------------------------------------------
    Field type: float
--------------------------------------------------------------------------------[0m
2025-02-14 22:11:10,547 - models_types_generator - INFO - 
[32m--------------------------------------------------------------------------------
  Processing field: close
--------------------------------------------------------------------------------[0m
2025-02-14 22:11:10,547 - models_types_generator - INFO - 
[32m--------------------------------------------------------------------------------
    Field type: float
--------------------------------------------------------------------------------[0m
2025-02-14 22:11:10,547 - models_types_generator - INFO - 
[32m--------------------------------------------------------------------------------
  Processing field: volume
--------------------------------------------------------------------------------[0m
2025-02-14 22:11:10,547 - models_types_generator - INFO - 
[32m--------------------------------------------------------------------------------
    Field type: int
--------------------------------------------------------------------------------[0m
2025-02-14 22:11:10,547 - models_types_generator - INFO - 
[32m--------------------------------------------------------------------------------
  Fields: {'stock': 'str', 'time': 'datetime.datetime', 'open': 'float', 'high': 'float', 'low': 'float', 'close': 'float', 'volume': 'int'}
--------------------------------------------------------------------------------[0m
2025-02-14 22:11:10,551 - init_db() - INFO - 
[32m--------------------------------------------------------------------------------
Database initialization complete.
--------------------------------------------------------------------------------[0m
2025-02-14 22:11:10,554 - IBC - INFO - 
[32m--------------------------------------------------------------------------------
IBC LOGS START
--------------------------------------------------------------------------------[0m
2025-02-14 22:24:54,559 - IBC - INFO - 
[32m--------------------------------------------------------------------------------
IBC LOGS END - IBKR started
--------------------------------------------------------------------------------[0m
2025-02-14 22:24:55,217 - IBAsyncBroker - INFO - 
[32m--------------------------------------------------------------------------------
connect(): Successfully connected to IBKR.
--------------------------------------------------------------------------------[0m
2025-02-14 22:28:44,672 - send_command_to_ibc() - INFO - 
[32m--------------------------------------------------------------------------------
Response: OK Shutting down: STOP command

--------------------------------------------------------------------------------[0m
2025-02-14 22:28:44,686 - IBC - INFO - 
[32m--------------------------------------------------------------------------------
IBC LOGS START
--------------------------------------------------------------------------------[0m
2025-02-14 22:28:44,686 - IBC - INFO - 
[32m--------------------------------------------------------------------------------
IBC LOGS START
--------------------------------------------------------------------------------[0m
2025-02-14 22:29:05,766 - IBC - INFO - 
[32m--------------------------------------------------------------------------------
IBC LOGS END - IBKR started
--------------------------------------------------------------------------------[0m
2025-02-14 22:29:05,766 - IBC - INFO - 
[32m--------------------------------------------------------------------------------
IBC LOGS END - IBKR started
--------------------------------------------------------------------------------[0m
2025-02-14 22:29:06,445 - IBAsyncBroker - INFO - 
[32m--------------------------------------------------------------------------------
connect(): Successfully connected to IBKR.
--------------------------------------------------------------------------------[0m
2025-02-14 22:30:20,664 - IBAsyncBroker - INFO - 
[32m--------------------------------------------------------------------------------
New order placed: 403
--------------------------------------------------------------------------------[0m
2025-02-14 22:30:20,962 - IBAsyncBroker - INFO - 
[32m--------------------------------------------------------------------------------
Order submitted: 403 for SPY
--------------------------------------------------------------------------------[0m
2025-02-15 02:49:23,652 - run.py - ERROR - 
[31m--------------------------------------------------------------------------------
Failed, Disconnecting from brokers now: Traceback (most recent call last):
  File "/Users/ryantan/Downloads/Personal Projects/auto ibkr/py_book/backend/app/run.py", line 19, in run
    await ibkr.ib.sleep(60 * 30)
TypeError: object bool can't be used in 'await' expression

--------------------------------------------------------------------------------[0m
2025-02-15 02:49:23,655 - IBAsyncBroker - INFO - 
[32m--------------------------------------------------------------------------------
disconnect(): Successfully disconnected from IBKR.
--------------------------------------------------------------------------------[0m
