2025-03-14 11:15:31,166 - models_types_generator - INFO - 
[32m------------------------------------------------------------------------------------------------------------------------------------
Found class: CurrentPosition
------------------------------------------------------------------------------------------------------------------------------------[0m
2025-03-14 11:15:31,166 - models_types_generator - INFO - 
[32m------------------------------------------------------------------------------------------------------------------------------------
  Processing field: stock
------------------------------------------------------------------------------------------------------------------------------------[0m
2025-03-14 11:15:31,166 - models_types_generator - INFO - 
[32m------------------------------------------------------------------------------------------------------------------------------------
    Field type: str
------------------------------------------------------------------------------------------------------------------------------------[0m
2025-03-14 11:15:31,166 - models_types_generator - INFO - 
[32m------------------------------------------------------------------------------------------------------------------------------------
  Processing field: avg_price_bought
------------------------------------------------------------------------------------------------------------------------------------[0m
2025-03-14 11:15:31,166 - models_types_generator - INFO - 
[32m------------------------------------------------------------------------------------------------------------------------------------
    Field type: float
------------------------------------------------------------------------------------------------------------------------------------[0m
2025-03-14 11:15:31,166 - models_types_generator - INFO - 
[32m------------------------------------------------------------------------------------------------------------------------------------
  Processing field: quantity
------------------------------------------------------------------------------------------------------------------------------------[0m
2025-03-14 11:15:31,167 - models_types_generator - INFO - 
[32m------------------------------------------------------------------------------------------------------------------------------------
    Field type: float
------------------------------------------------------------------------------------------------------------------------------------[0m
2025-03-14 11:15:31,167 - models_types_generator - INFO - 
[32m------------------------------------------------------------------------------------------------------------------------------------
  Processing field: stop_limit
------------------------------------------------------------------------------------------------------------------------------------[0m
2025-03-14 11:15:31,167 - models_types_generator - INFO - 
[32m------------------------------------------------------------------------------------------------------------------------------------
    Field type: float
------------------------------------------------------------------------------------------------------------------------------------[0m
2025-03-14 11:15:31,167 - models_types_generator - INFO - 
[32m------------------------------------------------------------------------------------------------------------------------------------
  Processing field: stop_limit_in_place
------------------------------------------------------------------------------------------------------------------------------------[0m
2025-03-14 11:15:31,167 - models_types_generator - INFO - 
[32m------------------------------------------------------------------------------------------------------------------------------------
    Field type: int
------------------------------------------------------------------------------------------------------------------------------------[0m
2025-03-14 11:15:31,167 - models_types_generator - INFO - 
[32m------------------------------------------------------------------------------------------------------------------------------------
  Processing field: strategy
------------------------------------------------------------------------------------------------------------------------------------[0m
2025-03-14 11:15:31,167 - models_types_generator - INFO - 
[32m------------------------------------------------------------------------------------------------------------------------------------
    Field type: str
------------------------------------------------------------------------------------------------------------------------------------[0m
2025-03-14 11:15:31,167 - models_types_generator - INFO - 
[32m------------------------------------------------------------------------------------------------------------------------------------
  Fields: {'stock': 'str', 'avg_price_bought': 'float', 'quantity': 'float', 'stop_limit': 'float', 'stop_limit_in_place': 'int', 'strategy': 'str'}
------------------------------------------------------------------------------------------------------------------------------------[0m
2025-03-14 11:15:31,167 - models_types_generator - INFO - 
[32m------------------------------------------------------------------------------------------------------------------------------------
Found class: TargetPosition
------------------------------------------------------------------------------------------------------------------------------------[0m
2025-03-14 11:15:31,167 - models_types_generator - INFO - 
[32m------------------------------------------------------------------------------------------------------------------------------------
  Processing field: stock
------------------------------------------------------------------------------------------------------------------------------------[0m
2025-03-14 11:15:31,167 - models_types_generator - INFO - 
[32m------------------------------------------------------------------------------------------------------------------------------------
    Field type: str
------------------------------------------------------------------------------------------------------------------------------------[0m
2025-03-14 11:15:31,167 - models_types_generator - INFO - 
[32m------------------------------------------------------------------------------------------------------------------------------------
  Processing field: avg_price_bought
------------------------------------------------------------------------------------------------------------------------------------[0m
2025-03-14 11:15:31,167 - models_types_generator - INFO - 
[32m------------------------------------------------------------------------------------------------------------------------------------
    Field type: float
------------------------------------------------------------------------------------------------------------------------------------[0m
2025-03-14 11:15:31,167 - models_types_generator - INFO - 
[32m------------------------------------------------------------------------------------------------------------------------------------
  Processing field: quantity
------------------------------------------------------------------------------------------------------------------------------------[0m
2025-03-14 11:15:31,167 - models_types_generator - INFO - 
[32m------------------------------------------------------------------------------------------------------------------------------------
    Field type: float
------------------------------------------------------------------------------------------------------------------------------------[0m
2025-03-14 11:15:31,167 - models_types_generator - INFO - 
[32m------------------------------------------------------------------------------------------------------------------------------------
  Processing field: stop_limit
------------------------------------------------------------------------------------------------------------------------------------[0m
2025-03-14 11:15:31,167 - models_types_generator - INFO - 
[32m------------------------------------------------------------------------------------------------------------------------------------
    Field type: float
------------------------------------------------------------------------------------------------------------------------------------[0m
2025-03-14 11:15:31,167 - models_types_generator - INFO - 
[32m------------------------------------------------------------------------------------------------------------------------------------
  Processing field: strategy
------------------------------------------------------------------------------------------------------------------------------------[0m
2025-03-14 11:15:31,167 - models_types_generator - INFO - 
[32m------------------------------------------------------------------------------------------------------------------------------------
    Field type: str
------------------------------------------------------------------------------------------------------------------------------------[0m
2025-03-14 11:15:31,167 - models_types_generator - INFO - 
[32m------------------------------------------------------------------------------------------------------------------------------------
  Fields: {'stock': 'str', 'avg_price_bought': 'float', 'quantity': 'float', 'stop_limit': 'float', 'strategy': 'str'}
------------------------------------------------------------------------------------------------------------------------------------[0m
2025-03-14 11:15:31,167 - models_types_generator - INFO - 
[32m------------------------------------------------------------------------------------------------------------------------------------
Found class: OpenOrders
------------------------------------------------------------------------------------------------------------------------------------[0m
2025-03-14 11:15:31,167 - models_types_generator - INFO - 
[32m------------------------------------------------------------------------------------------------------------------------------------
  Processing field: order_id
------------------------------------------------------------------------------------------------------------------------------------[0m
2025-03-14 11:15:31,167 - models_types_generator - INFO - 
[32m------------------------------------------------------------------------------------------------------------------------------------
    Field type: int
------------------------------------------------------------------------------------------------------------------------------------[0m
2025-03-14 11:15:31,167 - models_types_generator - INFO - 
[32m------------------------------------------------------------------------------------------------------------------------------------
  Processing field: stock
------------------------------------------------------------------------------------------------------------------------------------[0m
2025-03-14 11:15:31,167 - models_types_generator - INFO - 
[32m------------------------------------------------------------------------------------------------------------------------------------
    Field type: str
------------------------------------------------------------------------------------------------------------------------------------[0m
2025-03-14 11:15:31,167 - models_types_generator - INFO - 
[32m------------------------------------------------------------------------------------------------------------------------------------
  Processing field: time
------------------------------------------------------------------------------------------------------------------------------------[0m
2025-03-14 11:15:31,167 - models_types_generator - INFO - 
[32m------------------------------------------------------------------------------------------------------------------------------------
    Field type: datetime.datetime
------------------------------------------------------------------------------------------------------------------------------------[0m
2025-03-14 11:15:31,167 - models_types_generator - INFO - 
[32m------------------------------------------------------------------------------------------------------------------------------------
  Processing field: price_transacted
------------------------------------------------------------------------------------------------------------------------------------[0m
2025-03-14 11:15:31,167 - models_types_generator - INFO - 
[32m------------------------------------------------------------------------------------------------------------------------------------
    Field type: float
------------------------------------------------------------------------------------------------------------------------------------[0m
2025-03-14 11:15:31,167 - models_types_generator - INFO - 
[32m------------------------------------------------------------------------------------------------------------------------------------
  Processing field: fees
------------------------------------------------------------------------------------------------------------------------------------[0m
2025-03-14 11:15:31,167 - models_types_generator - INFO - 
[32m------------------------------------------------------------------------------------------------------------------------------------
    Field type: float
------------------------------------------------------------------------------------------------------------------------------------[0m
2025-03-14 11:15:31,167 - models_types_generator - INFO - 
[32m------------------------------------------------------------------------------------------------------------------------------------
  Processing field: quantity
------------------------------------------------------------------------------------------------------------------------------------[0m
2025-03-14 11:15:31,167 - models_types_generator - INFO - 
[32m------------------------------------------------------------------------------------------------------------------------------------
    Field type: float
------------------------------------------------------------------------------------------------------------------------------------[0m
2025-03-14 11:15:31,167 - models_types_generator - INFO - 
[32m------------------------------------------------------------------------------------------------------------------------------------
  Processing field: strategy
------------------------------------------------------------------------------------------------------------------------------------[0m
2025-03-14 11:15:31,168 - models_types_generator - INFO - 
[32m------------------------------------------------------------------------------------------------------------------------------------
    Field type: str
------------------------------------------------------------------------------------------------------------------------------------[0m
2025-03-14 11:15:31,168 - models_types_generator - INFO - 
[32m------------------------------------------------------------------------------------------------------------------------------------
  Fields: {'order_id': 'int', 'stock': 'str', 'time': 'datetime.datetime', 'price_transacted': 'float', 'fees': 'float', 'quantity': 'float', 'strategy': 'str'}
------------------------------------------------------------------------------------------------------------------------------------[0m
2025-03-14 11:15:31,168 - models_types_generator - INFO - 
[32m------------------------------------------------------------------------------------------------------------------------------------
Found class: Transaction
------------------------------------------------------------------------------------------------------------------------------------[0m
2025-03-14 11:15:31,168 - models_types_generator - INFO - 
[32m------------------------------------------------------------------------------------------------------------------------------------
  Processing field: stock
------------------------------------------------------------------------------------------------------------------------------------[0m
2025-03-14 11:15:31,168 - models_types_generator - INFO - 
[32m------------------------------------------------------------------------------------------------------------------------------------
    Field type: str
------------------------------------------------------------------------------------------------------------------------------------[0m
2025-03-14 11:15:31,168 - models_types_generator - INFO - 
[32m------------------------------------------------------------------------------------------------------------------------------------
  Processing field: time
------------------------------------------------------------------------------------------------------------------------------------[0m
2025-03-14 11:15:31,168 - models_types_generator - INFO - 
[32m------------------------------------------------------------------------------------------------------------------------------------
    Field type: datetime.datetime
------------------------------------------------------------------------------------------------------------------------------------[0m
2025-03-14 11:15:31,168 - models_types_generator - INFO - 
[32m------------------------------------------------------------------------------------------------------------------------------------
  Processing field: price_transacted
------------------------------------------------------------------------------------------------------------------------------------[0m
2025-03-14 11:15:31,168 - models_types_generator - INFO - 
[32m------------------------------------------------------------------------------------------------------------------------------------
    Field type: float
------------------------------------------------------------------------------------------------------------------------------------[0m
2025-03-14 11:15:31,168 - models_types_generator - INFO - 
[32m------------------------------------------------------------------------------------------------------------------------------------
  Processing field: fees
------------------------------------------------------------------------------------------------------------------------------------[0m
2025-03-14 11:15:31,168 - models_types_generator - INFO - 
[32m------------------------------------------------------------------------------------------------------------------------------------
    Field type: float
------------------------------------------------------------------------------------------------------------------------------------[0m
2025-03-14 11:15:31,168 - models_types_generator - INFO - 
[32m------------------------------------------------------------------------------------------------------------------------------------
  Processing field: quantity
------------------------------------------------------------------------------------------------------------------------------------[0m
2025-03-14 11:15:31,168 - models_types_generator - INFO - 
[32m------------------------------------------------------------------------------------------------------------------------------------
    Field type: float
------------------------------------------------------------------------------------------------------------------------------------[0m
2025-03-14 11:15:31,168 - models_types_generator - INFO - 
[32m------------------------------------------------------------------------------------------------------------------------------------
  Processing field: strategy
------------------------------------------------------------------------------------------------------------------------------------[0m
2025-03-14 11:15:31,168 - models_types_generator - INFO - 
[32m------------------------------------------------------------------------------------------------------------------------------------
    Field type: str
------------------------------------------------------------------------------------------------------------------------------------[0m
2025-03-14 11:15:31,168 - models_types_generator - INFO - 
[32m------------------------------------------------------------------------------------------------------------------------------------
  Fields: {'stock': 'str', 'time': 'datetime.datetime', 'price_transacted': 'float', 'fees': 'float', 'quantity': 'float', 'strategy': 'str'}
------------------------------------------------------------------------------------------------------------------------------------[0m
2025-03-14 11:15:31,168 - models_types_generator - INFO - 
[32m------------------------------------------------------------------------------------------------------------------------------------
Found class: HistoricalData
------------------------------------------------------------------------------------------------------------------------------------[0m
2025-03-14 11:15:31,168 - models_types_generator - INFO - 
[32m------------------------------------------------------------------------------------------------------------------------------------
  Processing field: stock
------------------------------------------------------------------------------------------------------------------------------------[0m
2025-03-14 11:15:31,168 - models_types_generator - INFO - 
[32m------------------------------------------------------------------------------------------------------------------------------------
    Field type: str
------------------------------------------------------------------------------------------------------------------------------------[0m
2025-03-14 11:15:31,168 - models_types_generator - INFO - 
[32m------------------------------------------------------------------------------------------------------------------------------------
  Processing field: time
------------------------------------------------------------------------------------------------------------------------------------[0m
2025-03-14 11:15:31,168 - models_types_generator - INFO - 
[32m------------------------------------------------------------------------------------------------------------------------------------
    Field type: datetime.datetime
------------------------------------------------------------------------------------------------------------------------------------[0m
2025-03-14 11:15:31,168 - models_types_generator - INFO - 
[32m------------------------------------------------------------------------------------------------------------------------------------
  Processing field: open
------------------------------------------------------------------------------------------------------------------------------------[0m
2025-03-14 11:15:31,168 - models_types_generator - INFO - 
[32m------------------------------------------------------------------------------------------------------------------------------------
    Field type: float
------------------------------------------------------------------------------------------------------------------------------------[0m
2025-03-14 11:15:31,168 - models_types_generator - INFO - 
[32m------------------------------------------------------------------------------------------------------------------------------------
  Processing field: high
------------------------------------------------------------------------------------------------------------------------------------[0m
2025-03-14 11:15:31,168 - models_types_generator - INFO - 
[32m------------------------------------------------------------------------------------------------------------------------------------
    Field type: float
------------------------------------------------------------------------------------------------------------------------------------[0m
2025-03-14 11:15:31,168 - models_types_generator - INFO - 
[32m------------------------------------------------------------------------------------------------------------------------------------
  Processing field: low
------------------------------------------------------------------------------------------------------------------------------------[0m
2025-03-14 11:15:31,168 - models_types_generator - INFO - 
[32m------------------------------------------------------------------------------------------------------------------------------------
    Field type: float
------------------------------------------------------------------------------------------------------------------------------------[0m
2025-03-14 11:15:31,168 - models_types_generator - INFO - 
[32m------------------------------------------------------------------------------------------------------------------------------------
  Processing field: close
------------------------------------------------------------------------------------------------------------------------------------[0m
2025-03-14 11:15:31,168 - models_types_generator - INFO - 
[32m------------------------------------------------------------------------------------------------------------------------------------
    Field type: float
------------------------------------------------------------------------------------------------------------------------------------[0m
2025-03-14 11:15:31,168 - models_types_generator - INFO - 
[32m------------------------------------------------------------------------------------------------------------------------------------
  Processing field: volume
------------------------------------------------------------------------------------------------------------------------------------[0m
2025-03-14 11:15:31,168 - models_types_generator - INFO - 
[32m------------------------------------------------------------------------------------------------------------------------------------
    Field type: int
------------------------------------------------------------------------------------------------------------------------------------[0m
2025-03-14 11:15:31,168 - models_types_generator - INFO - 
[32m------------------------------------------------------------------------------------------------------------------------------------
  Fields: {'stock': 'str', 'time': 'datetime.datetime', 'open': 'float', 'high': 'float', 'low': 'float', 'close': 'float', 'volume': 'int'}
------------------------------------------------------------------------------------------------------------------------------------[0m
2025-03-14 21:55:07,385 - models_types_generator - INFO - 
[32m--------------------------------------------------------------------------------
Found class: CurrentPosition
--------------------------------------------------------------------------------[0m
2025-03-14 21:55:07,386 - models_types_generator - INFO - 
[32m--------------------------------------------------------------------------------
  Processing field: stock
--------------------------------------------------------------------------------[0m
2025-03-14 21:55:07,386 - models_types_generator - INFO - 
[32m--------------------------------------------------------------------------------
    Field type: str
--------------------------------------------------------------------------------[0m
2025-03-14 21:55:07,386 - models_types_generator - INFO - 
[32m--------------------------------------------------------------------------------
  Processing field: avg_price_bought
--------------------------------------------------------------------------------[0m
2025-03-14 21:55:07,386 - models_types_generator - INFO - 
[32m--------------------------------------------------------------------------------
    Field type: float
--------------------------------------------------------------------------------[0m
2025-03-14 21:55:07,387 - models_types_generator - INFO - 
[32m--------------------------------------------------------------------------------
  Processing field: quantity
--------------------------------------------------------------------------------[0m
2025-03-14 21:55:07,387 - models_types_generator - INFO - 
[32m--------------------------------------------------------------------------------
    Field type: float
--------------------------------------------------------------------------------[0m
2025-03-14 21:55:07,387 - models_types_generator - INFO - 
[32m--------------------------------------------------------------------------------
  Processing field: stop_limit
--------------------------------------------------------------------------------[0m
2025-03-14 21:55:07,387 - models_types_generator - INFO - 
[32m--------------------------------------------------------------------------------
    Field type: float
--------------------------------------------------------------------------------[0m
2025-03-14 21:55:07,387 - models_types_generator - INFO - 
[32m--------------------------------------------------------------------------------
  Processing field: stop_limit_in_place
--------------------------------------------------------------------------------[0m
2025-03-14 21:55:07,387 - models_types_generator - INFO - 
[32m--------------------------------------------------------------------------------
    Field type: int
--------------------------------------------------------------------------------[0m
2025-03-14 21:55:07,387 - models_types_generator - INFO - 
[32m--------------------------------------------------------------------------------
  Processing field: strategy
--------------------------------------------------------------------------------[0m
2025-03-14 21:55:07,387 - models_types_generator - INFO - 
[32m--------------------------------------------------------------------------------
    Field type: str
--------------------------------------------------------------------------------[0m
2025-03-14 21:55:07,387 - models_types_generator - INFO - 
[32m--------------------------------------------------------------------------------
  Fields: {'stock': 'str', 'avg_price_bought': 'float', 'quantity': 'float', 'stop_limit': 'float', 'stop_limit_in_place': 'int', 'strategy': 'str'}
--------------------------------------------------------------------------------[0m
2025-03-14 21:55:07,387 - models_types_generator - INFO - 
[32m--------------------------------------------------------------------------------
Found class: TargetPosition
--------------------------------------------------------------------------------[0m
2025-03-14 21:55:07,387 - models_types_generator - INFO - 
[32m--------------------------------------------------------------------------------
  Processing field: stock
--------------------------------------------------------------------------------[0m
2025-03-14 21:55:07,387 - models_types_generator - INFO - 
[32m--------------------------------------------------------------------------------
    Field type: str
--------------------------------------------------------------------------------[0m
2025-03-14 21:55:07,387 - models_types_generator - INFO - 
[32m--------------------------------------------------------------------------------
  Processing field: avg_price_bought
--------------------------------------------------------------------------------[0m
2025-03-14 21:55:07,387 - models_types_generator - INFO - 
[32m--------------------------------------------------------------------------------
    Field type: float
--------------------------------------------------------------------------------[0m
2025-03-14 21:55:07,387 - models_types_generator - INFO - 
[32m--------------------------------------------------------------------------------
  Processing field: quantity
--------------------------------------------------------------------------------[0m
2025-03-14 21:55:07,387 - models_types_generator - INFO - 
[32m--------------------------------------------------------------------------------
    Field type: float
--------------------------------------------------------------------------------[0m
2025-03-14 21:55:07,387 - models_types_generator - INFO - 
[32m--------------------------------------------------------------------------------
  Processing field: stop_limit
--------------------------------------------------------------------------------[0m
2025-03-14 21:55:07,387 - models_types_generator - INFO - 
[32m--------------------------------------------------------------------------------
    Field type: float
--------------------------------------------------------------------------------[0m
2025-03-14 21:55:07,387 - models_types_generator - INFO - 
[32m--------------------------------------------------------------------------------
  Processing field: strategy
--------------------------------------------------------------------------------[0m
2025-03-14 21:55:07,387 - models_types_generator - INFO - 
[32m--------------------------------------------------------------------------------
    Field type: str
--------------------------------------------------------------------------------[0m
2025-03-14 21:55:07,387 - models_types_generator - INFO - 
[32m--------------------------------------------------------------------------------
  Fields: {'stock': 'str', 'avg_price_bought': 'float', 'quantity': 'float', 'stop_limit': 'float', 'strategy': 'str'}
--------------------------------------------------------------------------------[0m
2025-03-14 21:55:07,387 - models_types_generator - INFO - 
[32m--------------------------------------------------------------------------------
Found class: OpenOrders
--------------------------------------------------------------------------------[0m
2025-03-14 21:55:07,387 - models_types_generator - INFO - 
[32m--------------------------------------------------------------------------------
  Processing field: order_id
--------------------------------------------------------------------------------[0m
2025-03-14 21:55:07,387 - models_types_generator - INFO - 
[32m--------------------------------------------------------------------------------
    Field type: int
--------------------------------------------------------------------------------[0m
2025-03-14 21:55:07,387 - models_types_generator - INFO - 
[32m--------------------------------------------------------------------------------
  Processing field: stock
--------------------------------------------------------------------------------[0m
2025-03-14 21:55:07,387 - models_types_generator - INFO - 
[32m--------------------------------------------------------------------------------
    Field type: str
--------------------------------------------------------------------------------[0m
2025-03-14 21:55:07,387 - models_types_generator - INFO - 
[32m--------------------------------------------------------------------------------
  Processing field: time
--------------------------------------------------------------------------------[0m
2025-03-14 21:55:07,387 - models_types_generator - INFO - 
[32m--------------------------------------------------------------------------------
    Field type: datetime.datetime
--------------------------------------------------------------------------------[0m
2025-03-14 21:55:07,387 - models_types_generator - INFO - 
[32m--------------------------------------------------------------------------------
  Processing field: price_transacted
--------------------------------------------------------------------------------[0m
2025-03-14 21:55:07,387 - models_types_generator - INFO - 
[32m--------------------------------------------------------------------------------
    Field type: float
--------------------------------------------------------------------------------[0m
2025-03-14 21:55:07,388 - models_types_generator - INFO - 
[32m--------------------------------------------------------------------------------
  Processing field: fees
--------------------------------------------------------------------------------[0m
2025-03-14 21:55:07,388 - models_types_generator - INFO - 
[32m--------------------------------------------------------------------------------
    Field type: float
--------------------------------------------------------------------------------[0m
2025-03-14 21:55:07,388 - models_types_generator - INFO - 
[32m--------------------------------------------------------------------------------
  Processing field: quantity
--------------------------------------------------------------------------------[0m
2025-03-14 21:55:07,388 - models_types_generator - INFO - 
[32m--------------------------------------------------------------------------------
    Field type: float
--------------------------------------------------------------------------------[0m
2025-03-14 21:55:07,388 - models_types_generator - INFO - 
[32m--------------------------------------------------------------------------------
  Processing field: strategy
--------------------------------------------------------------------------------[0m
2025-03-14 21:55:07,388 - models_types_generator - INFO - 
[32m--------------------------------------------------------------------------------
    Field type: str
--------------------------------------------------------------------------------[0m
2025-03-14 21:55:07,388 - models_types_generator - INFO - 
[32m--------------------------------------------------------------------------------
  Fields: {'order_id': 'int', 'stock': 'str', 'time': 'datetime.datetime', 'price_transacted': 'float', 'fees': 'float', 'quantity': 'float', 'strategy': 'str'}
--------------------------------------------------------------------------------[0m
2025-03-14 21:55:07,388 - models_types_generator - INFO - 
[32m--------------------------------------------------------------------------------
Found class: Transaction
--------------------------------------------------------------------------------[0m
2025-03-14 21:55:07,388 - models_types_generator - INFO - 
[32m--------------------------------------------------------------------------------
  Processing field: stock
--------------------------------------------------------------------------------[0m
2025-03-14 21:55:07,388 - models_types_generator - INFO - 
[32m--------------------------------------------------------------------------------
    Field type: str
--------------------------------------------------------------------------------[0m
2025-03-14 21:55:07,388 - models_types_generator - INFO - 
[32m--------------------------------------------------------------------------------
  Processing field: time
--------------------------------------------------------------------------------[0m
2025-03-14 21:55:07,388 - models_types_generator - INFO - 
[32m--------------------------------------------------------------------------------
    Field type: datetime.datetime
--------------------------------------------------------------------------------[0m
2025-03-14 21:55:07,388 - models_types_generator - INFO - 
[32m--------------------------------------------------------------------------------
  Processing field: price_transacted
--------------------------------------------------------------------------------[0m
2025-03-14 21:55:07,388 - models_types_generator - INFO - 
[32m--------------------------------------------------------------------------------
    Field type: float
--------------------------------------------------------------------------------[0m
2025-03-14 21:55:07,388 - models_types_generator - INFO - 
[32m--------------------------------------------------------------------------------
  Processing field: fees
--------------------------------------------------------------------------------[0m
2025-03-14 21:55:07,388 - models_types_generator - INFO - 
[32m--------------------------------------------------------------------------------
    Field type: float
--------------------------------------------------------------------------------[0m
2025-03-14 21:55:07,388 - models_types_generator - INFO - 
[32m--------------------------------------------------------------------------------
  Processing field: quantity
--------------------------------------------------------------------------------[0m
2025-03-14 21:55:07,388 - models_types_generator - INFO - 
[32m--------------------------------------------------------------------------------
    Field type: float
--------------------------------------------------------------------------------[0m
2025-03-14 21:55:07,388 - models_types_generator - INFO - 
[32m--------------------------------------------------------------------------------
  Processing field: strategy
--------------------------------------------------------------------------------[0m
2025-03-14 21:55:07,388 - models_types_generator - INFO - 
[32m--------------------------------------------------------------------------------
    Field type: str
--------------------------------------------------------------------------------[0m
2025-03-14 21:55:07,388 - models_types_generator - INFO - 
[32m--------------------------------------------------------------------------------
  Fields: {'stock': 'str', 'time': 'datetime.datetime', 'price_transacted': 'float', 'fees': 'float', 'quantity': 'float', 'strategy': 'str'}
--------------------------------------------------------------------------------[0m
2025-03-14 21:55:07,388 - models_types_generator - INFO - 
[32m--------------------------------------------------------------------------------
Found class: HistoricalData
--------------------------------------------------------------------------------[0m
2025-03-14 21:55:07,388 - models_types_generator - INFO - 
[32m--------------------------------------------------------------------------------
  Processing field: stock
--------------------------------------------------------------------------------[0m
2025-03-14 21:55:07,388 - models_types_generator - INFO - 
[32m--------------------------------------------------------------------------------
    Field type: str
--------------------------------------------------------------------------------[0m
2025-03-14 21:55:07,388 - models_types_generator - INFO - 
[32m--------------------------------------------------------------------------------
  Processing field: time
--------------------------------------------------------------------------------[0m
2025-03-14 21:55:07,388 - models_types_generator - INFO - 
[32m--------------------------------------------------------------------------------
    Field type: datetime.datetime
--------------------------------------------------------------------------------[0m
2025-03-14 21:55:07,388 - models_types_generator - INFO - 
[32m--------------------------------------------------------------------------------
  Processing field: open
--------------------------------------------------------------------------------[0m
2025-03-14 21:55:07,388 - models_types_generator - INFO - 
[32m--------------------------------------------------------------------------------
    Field type: float
--------------------------------------------------------------------------------[0m
2025-03-14 21:55:07,388 - models_types_generator - INFO - 
[32m--------------------------------------------------------------------------------
  Processing field: high
--------------------------------------------------------------------------------[0m
2025-03-14 21:55:07,388 - models_types_generator - INFO - 
[32m--------------------------------------------------------------------------------
    Field type: float
--------------------------------------------------------------------------------[0m
2025-03-14 21:55:07,388 - models_types_generator - INFO - 
[32m--------------------------------------------------------------------------------
  Processing field: low
--------------------------------------------------------------------------------[0m
2025-03-14 21:55:07,389 - models_types_generator - INFO - 
[32m--------------------------------------------------------------------------------
    Field type: float
--------------------------------------------------------------------------------[0m
2025-03-14 21:55:07,389 - models_types_generator - INFO - 
[32m--------------------------------------------------------------------------------
  Processing field: close
--------------------------------------------------------------------------------[0m
2025-03-14 21:55:07,389 - models_types_generator - INFO - 
[32m--------------------------------------------------------------------------------
    Field type: float
--------------------------------------------------------------------------------[0m
2025-03-14 21:55:07,389 - models_types_generator - INFO - 
[32m--------------------------------------------------------------------------------
  Processing field: volume
--------------------------------------------------------------------------------[0m
2025-03-14 21:55:07,389 - models_types_generator - INFO - 
[32m--------------------------------------------------------------------------------
    Field type: int
--------------------------------------------------------------------------------[0m
2025-03-14 21:55:07,389 - models_types_generator - INFO - 
[32m--------------------------------------------------------------------------------
  Fields: {'stock': 'str', 'time': 'datetime.datetime', 'open': 'float', 'high': 'float', 'low': 'float', 'close': 'float', 'volume': 'int'}
--------------------------------------------------------------------------------[0m
2025-03-14 21:55:07,392 - init_db() - INFO - 
[32m--------------------------------------------------------------------------------
Database initialization complete.
--------------------------------------------------------------------------------[0m
2025-03-14 21:55:07,396 - IBC - INFO - 
[32m--------------------------------------------------------------------------------
IBC LOGS START
--------------------------------------------------------------------------------[0m
2025-03-14 21:55:30,594 - IBC - INFO - 
[32m--------------------------------------------------------------------------------
IBC LOGS END - IBKR started
--------------------------------------------------------------------------------[0m
2025-03-14 21:55:32,028 - IBAsyncBroker - INFO - 
[32m--------------------------------------------------------------------------------
connect(): Successfully connected to IBKR.
--------------------------------------------------------------------------------[0m
2025-03-14 21:55:32,150 - run.py - ERROR - 
[31m--------------------------------------------------------------------------------
Failed, Disconnecting from brokers now: Traceback (most recent call last):
  File "/Users/ryantan/Downloads/Personal Projects/auto ibkr/py_book/backend/app/run.py", line 16, in run
    await asyncio.gather(*[daily_run_using(strategy['broker'], strategy['strategy']) for strategy in atomic_strategies])
  File "/Users/ryantan/.pyenv/versions/3.10.0/lib/python3.10/asyncio/tasks.py", line 304, in __wakeup
    future.result()
  File "/Users/ryantan/.pyenv/versions/3.10.0/lib/python3.10/asyncio/tasks.py", line 232, in __step
    result = coro.send(None)
  File "/Users/ryantan/Downloads/Personal Projects/auto ibkr/py_book/backend/app/create_app.py", line 35, in daily_run_using
    target_positions = await update_target_positions_from_strategies(ibkr, strategies)
  File "/Users/ryantan/Downloads/Personal Projects/auto ibkr/py_book/backend/app/utils/db.py", line 111, in async_wrapper
    raise e  # Re-raise the error
  File "/Users/ryantan/Downloads/Personal Projects/auto ibkr/py_book/backend/app/utils/db.py", line 106, in async_wrapper
    result = await func(session_model, *args, **kwargs)  # Inject into standalone or static method
  File "/Users/ryantan/Downloads/Personal Projects/auto ibkr/py_book/backend/app/tasks/daily_tasks.py", line 43, in update_target_positions_from_strategies
    for target_position_strat in await strategy.get_weights(broker, 1):
  File "/Users/ryantan/Downloads/Personal Projects/auto ibkr/py_book/backend/app/services/strategy/LinReg.py", line 35, in get_weights
    def pred_next(ser: pd.Series[float], full_df: pd.DataFrame) -> float:
TypeError: 'type' object is not subscriptable

--------------------------------------------------------------------------------[0m
2025-03-14 21:55:32,150 - IBAsyncBroker - INFO - 
[32m--------------------------------------------------------------------------------
disconnect(): Successfully disconnected from IBKR.
--------------------------------------------------------------------------------[0m
2025-03-14 21:55:32,154 - send_command_to_ibc() - INFO - 
[32m--------------------------------------------------------------------------------
Response: OK Shutting down: STOP command

--------------------------------------------------------------------------------[0m
