2025-07-14 19:14:15,736 - DEBUG - MyAppLogger - custom_logging.wrapper:204 - 
[34mThis is a debug message.[0m
2025-07-14 19:14:15,736 - INFO - MyAppLogger - custom_logging.wrapper:204 - 
[32mThis is an info message.[0m
2025-07-14 19:14:15,736 - WARNING - MyAppLogger - custom_logging.wrapper:204 - 
[33mThis is a warning message.[0m
2025-07-14 19:14:15,736 - ERROR - MyAppLogger - custom_logging.wrapper:182 - 
[31m------------------------------------------------------------------------------------------------------------------------------------------------------------------------------------------------
This is an error message.
------------------------------------------------------------------------------------------------------------------------------------------------------------------------------------------------[0m
2025-07-14 19:14:15,736 - CRITICAL - MyAppLogger - custom_logging.wrapper:182 - 
[35m------------------------------------------------------------------------------------------------------------------------------------------------------------------------------------------------
This is a critical message.
------------------------------------------------------------------------------------------------------------------------------------------------------------------------------------------------[0m
2025-07-14 19:14:53,806 - DEBUG - MyAppLogger - custom_logging.wrapper:204 - 
[34mThis is a debug message.[0m
2025-07-14 19:14:53,807 - INFO - MyAppLogger - custom_logging.wrapper:204 - 
[32mThis is an info message.[0m
2025-07-14 19:14:53,808 - WARNING - MyAppLogger - custom_logging.wrapper:204 - 
[33mThis is a warning message.[0m
2025-07-14 19:14:53,808 - ERROR - MyAppLogger - custom_logging.wrapper:182 - 
[31m------------------------------------------------------------------------------------------------------------------------------------------------------------------------------------------------
This is an error message.
------------------------------------------------------------------------------------------------------------------------------------------------------------------------------------------------[0m
2025-07-14 19:14:53,808 - CRITICAL - MyAppLogger - custom_logging.wrapper:182 - 
[35m------------------------------------------------------------------------------------------------------------------------------------------------------------------------------------------------
This is a critical message.
------------------------------------------------------------------------------------------------------------------------------------------------------------------------------------------------[0m
2025-07-14 19:15:14,465 - DEBUG - MyAppLogger - custom_logging.hello:242 - 
[34mThis is a debug message.[0m
2025-07-14 19:15:14,466 - INFO - MyAppLogger - custom_logging.<module>:244 - 
[32mThis is an info message.[0m
2025-07-14 19:15:14,466 - WARNING - MyAppLogger - custom_logging.<module>:245 - 
[33mThis is a warning message.[0m
2025-07-14 19:15:14,466 - ERROR - MyAppLogger - custom_logging.<module>:246 - 
[31m------------------------------------------------------------------------------------------------------------------------------------------------------------------------------------------------
This is an error message.
------------------------------------------------------------------------------------------------------------------------------------------------------------------------------------------------[0m
2025-07-14 19:15:14,466 - CRITICAL - MyAppLogger - custom_logging.<module>:247 - 
[35m------------------------------------------------------------------------------------------------------------------------------------------------------------------------------------------------
This is a critical message.
------------------------------------------------------------------------------------------------------------------------------------------------------------------------------------------------[0m
